{"C:\\Users\\johnb\\Documents\\TwitterFavorite\\src\\logger.js": {"path":"C:\\Users\\johnb\\Documents\\TwitterFavorite\\src\\logger.js","statementMap":{"0":{"start":{"line":1,"column":16},"end":{"line":1,"column":34}},"1":{"start":{"line":3,"column":15},"end":{"line":13,"column":2}},"2":{"start":{"line":15,"column":0},"end":{"line":19,"column":1}},"3":{"start":{"line":16,"column":2},"end":{"line":18,"column":6}},"4":{"start":{"line":21,"column":0},"end":{"line":21,"column":24}}},"fnMap":{},"branchMap":{"0":{"loc":{"start":{"line":15,"column":0},"end":{"line":19,"column":1}},"type":"if","locations":[{"start":{"line":15,"column":0},"end":{"line":19,"column":1}},{"start":{},"end":{}}],"line":15}},"s":{"0":7,"1":7,"2":7,"3":7,"4":7},"f":{},"b":{"0":[7,0]},"_coverageSchema":"1a1c01bbd47fc00a2c39e90264f33305004495a9","hash":"b332e7f4930d4ab42785cade95d6c4e116d6534f"}
,"C:\\Users\\johnb\\Documents\\TwitterFavorite\\src\\helpers\\isReply.js": {"path":"C:\\Users\\johnb\\Documents\\TwitterFavorite\\src\\helpers\\isReply.js","statementMap":{"0":{"start":{"line":1,"column":16},"end":{"line":15,"column":1}},"1":{"start":{"line":2,"column":13},"end":{"line":2,"column":19}},"2":{"start":{"line":4,"column":2},"end":{"line":14,"column":15}},"3":{"start":{"line":14,"column":4},"end":{"line":14,"column":15}},"4":{"start":{"line":17,"column":0},"end":{"line":17,"column":24}}},"fnMap":{"0":{"name":"(anonymous_0)","decl":{"start":{"line":1,"column":16},"end":{"line":1,"column":17}},"loc":{"start":{"line":1,"column":25},"end":{"line":15,"column":1}},"line":1}},"branchMap":{"0":{"loc":{"start":{"line":4,"column":2},"end":{"line":14,"column":15}},"type":"if","locations":[{"start":{"line":4,"column":2},"end":{"line":14,"column":15}},{"start":{},"end":{}}],"line":4},"1":{"loc":{"start":{"line":5,"column":4},"end":{"line":12,"column":33}},"type":"binary-expr","locations":[{"start":{"line":5,"column":4},"end":{"line":5,"column":23}},{"start":{"line":6,"column":4},"end":{"line":6,"column":25}},{"start":{"line":7,"column":4},"end":{"line":7,"column":26}},{"start":{"line":8,"column":4},"end":{"line":8,"column":31}},{"start":{"line":9,"column":4},"end":{"line":9,"column":35}},{"start":{"line":10,"column":4},"end":{"line":10,"column":29}},{"start":{"line":11,"column":4},"end":{"line":11,"column":33}},{"start":{"line":12,"column":4},"end":{"line":12,"column":33}}],"line":5}},"s":{"0":1,"1":0,"2":0,"3":0,"4":1},"f":{"0":0},"b":{"0":[0,0],"1":[0,0,0,0,0,0,0,0]},"_coverageSchema":"1a1c01bbd47fc00a2c39e90264f33305004495a9","hash":"8762eb852909bd788b5673304cb6534968be1823"}
,"C:\\Users\\johnb\\Documents\\TwitterFavorite\\src\\services\\DataPersistenceService.js": {"path":"C:\\Users\\johnb\\Documents\\TwitterFavorite\\src\\services\\DataPersistenceService.js","statementMap":{"0":{"start":{"line":1,"column":11},"end":{"line":1,"column":33}},"1":{"start":{"line":2,"column":13},"end":{"line":2,"column":28}},"2":{"start":{"line":3,"column":15},"end":{"line":3,"column":35}},"3":{"start":{"line":4,"column":23},"end":{"line":4,"column":57}},"4":{"start":{"line":11,"column":4},"end":{"line":18,"column":6}},"5":{"start":{"line":20,"column":4},"end":{"line":20,"column":30}},"6":{"start":{"line":28,"column":4},"end":{"line":34,"column":5}},"7":{"start":{"line":29,"column":6},"end":{"line":29,"column":63}},"8":{"start":{"line":30,"column":6},"end":{"line":30,"column":79}},"9":{"start":{"line":32,"column":6},"end":{"line":32,"column":69}},"10":{"start":{"line":33,"column":6},"end":{"line":33,"column":18}},"11":{"start":{"line":42,"column":4},"end":{"line":54,"column":5}},"12":{"start":{"line":43,"column":24},"end":{"line":43,"column":62}},"13":{"start":{"line":44,"column":23},"end":{"line":44,"column":68}},"14":{"start":{"line":45,"column":23},"end":{"line":45,"column":63}},"15":{"start":{"line":47,"column":6},"end":{"line":47,"column":69}},"16":{"start":{"line":48,"column":6},"end":{"line":48,"column":57}},"17":{"start":{"line":50,"column":6},"end":{"line":50,"column":44}},"18":{"start":{"line":52,"column":6},"end":{"line":52,"column":67}},"19":{"start":{"line":53,"column":6},"end":{"line":53,"column":71}},"20":{"start":{"line":62,"column":4},"end":{"line":74,"column":5}},"21":{"start":{"line":63,"column":24},"end":{"line":63,"column":62}},"22":{"start":{"line":64,"column":23},"end":{"line":64,"column":71}},"23":{"start":{"line":65,"column":23},"end":{"line":65,"column":63}},"24":{"start":{"line":67,"column":6},"end":{"line":67,"column":72}},"25":{"start":{"line":68,"column":6},"end":{"line":68,"column":66}},"26":{"start":{"line":70,"column":6},"end":{"line":70,"column":43}},"27":{"start":{"line":72,"column":6},"end":{"line":72,"column":71}},"28":{"start":{"line":73,"column":6},"end":{"line":73,"column":80}},"29":{"start":{"line":83,"column":4},"end":{"line":104,"column":5}},"30":{"start":{"line":84,"column":22},"end":{"line":84,"column":103}},"31":{"start":{"line":85,"column":20},"end":{"line":85,"column":57}},"32":{"start":{"line":88,"column":24},"end":{"line":90,"column":18}},"33":{"start":{"line":88,"column":45},"end":{"line":88,"column":67}},"34":{"start":{"line":93,"column":6},"end":{"line":100,"column":7}},"35":{"start":{"line":94,"column":30},"end":{"line":94,"column":68}},"36":{"start":{"line":95,"column":8},"end":{"line":99,"column":9}},"37":{"start":{"line":96,"column":27},"end":{"line":96,"column":63}},"38":{"start":{"line":97,"column":10},"end":{"line":97,"column":36}},"39":{"start":{"line":98,"column":10},"end":{"line":98,"column":61}},"40":{"start":{"line":102,"column":6},"end":{"line":102,"column":83}},"41":{"start":{"line":103,"column":6},"end":{"line":103,"column":77}},"42":{"start":{"line":112,"column":4},"end":{"line":131,"column":5}},"43":{"start":{"line":113,"column":20},"end":{"line":113,"column":57}},"44":{"start":{"line":114,"column":27},"end":{"line":114,"column":91}},"45":{"start":{"line":114,"column":48},"end":{"line":114,"column":90}},"46":{"start":{"line":116,"column":22},"end":{"line":116,"column":24}},"47":{"start":{"line":117,"column":6},"end":{"line":124,"column":7}},"48":{"start":{"line":118,"column":25},"end":{"line":118,"column":61}},"49":{"start":{"line":119,"column":21},"end":{"line":119,"column":56}},"50":{"start":{"line":120,"column":8},"end":{"line":123,"column":11}},"51":{"start":{"line":126,"column":6},"end":{"line":126,"column":66}},"52":{"start":{"line":126,"column":36},"end":{"line":126,"column":64}},"53":{"start":{"line":128,"column":6},"end":{"line":128,"column":67}},"54":{"start":{"line":129,"column":6},"end":{"line":129,"column":82}},"55":{"start":{"line":130,"column":6},"end":{"line":130,"column":16}},"56":{"start":{"line":139,"column":4},"end":{"line":158,"column":5}},"57":{"start":{"line":140,"column":20},"end":{"line":140,"column":57}},"58":{"start":{"line":141,"column":25},"end":{"line":141,"column":92}},"59":{"start":{"line":141,"column":46},"end":{"line":141,"column":91}},"60":{"start":{"line":143,"column":25},"end":{"line":143,"column":27}},"61":{"start":{"line":144,"column":6},"end":{"line":151,"column":7}},"62":{"start":{"line":145,"column":25},"end":{"line":145,"column":61}},"63":{"start":{"line":146,"column":21},"end":{"line":146,"column":56}},"64":{"start":{"line":147,"column":8},"end":{"line":150,"column":11}},"65":{"start":{"line":153,"column":6},"end":{"line":153,"column":69}},"66":{"start":{"line":153,"column":39},"end":{"line":153,"column":67}},"67":{"start":{"line":155,"column":6},"end":{"line":155,"column":71}},"68":{"start":{"line":156,"column":6},"end":{"line":156,"column":91}},"69":{"start":{"line":157,"column":6},"end":{"line":157,"column":16}},"70":{"start":{"line":162,"column":0},"end":{"line":162,"column":40}}},"fnMap":{"0":{"name":"(anonymous_0)","decl":{"start":{"line":10,"column":2},"end":{"line":10,"column":3}},"loc":{"start":{"line":10,"column":27},"end":{"line":21,"column":3}},"line":10},"1":{"name":"(anonymous_1)","decl":{"start":{"line":27,"column":2},"end":{"line":27,"column":3}},"loc":{"start":{"line":27,"column":29},"end":{"line":35,"column":3}},"line":27},"2":{"name":"(anonymous_2)","decl":{"start":{"line":41,"column":2},"end":{"line":41,"column":3}},"loc":{"start":{"line":41,"column":29},"end":{"line":55,"column":3}},"line":41},"3":{"name":"(anonymous_3)","decl":{"start":{"line":61,"column":2},"end":{"line":61,"column":3}},"loc":{"start":{"line":61,"column":35},"end":{"line":75,"column":3}},"line":61},"4":{"name":"(anonymous_4)","decl":{"start":{"line":82,"column":2},"end":{"line":82,"column":3}},"loc":{"start":{"line":82,"column":30},"end":{"line":105,"column":3}},"line":82},"5":{"name":"(anonymous_5)","decl":{"start":{"line":88,"column":37},"end":{"line":88,"column":38}},"loc":{"start":{"line":88,"column":45},"end":{"line":88,"column":67}},"line":88},"6":{"name":"(anonymous_6)","decl":{"start":{"line":111,"column":2},"end":{"line":111,"column":3}},"loc":{"start":{"line":111,"column":32},"end":{"line":132,"column":3}},"line":111},"7":{"name":"(anonymous_7)","decl":{"start":{"line":114,"column":40},"end":{"line":114,"column":41}},"loc":{"start":{"line":114,"column":48},"end":{"line":114,"column":90}},"line":114},"8":{"name":"(anonymous_8)","decl":{"start":{"line":126,"column":26},"end":{"line":126,"column":27}},"loc":{"start":{"line":126,"column":36},"end":{"line":126,"column":64}},"line":126},"9":{"name":"(anonymous_9)","decl":{"start":{"line":138,"column":2},"end":{"line":138,"column":3}},"loc":{"start":{"line":138,"column":35},"end":{"line":159,"column":3}},"line":138},"10":{"name":"(anonymous_10)","decl":{"start":{"line":141,"column":38},"end":{"line":141,"column":39}},"loc":{"start":{"line":141,"column":46},"end":{"line":141,"column":91}},"line":141},"11":{"name":"(anonymous_11)","decl":{"start":{"line":153,"column":29},"end":{"line":153,"column":30}},"loc":{"start":{"line":153,"column":39},"end":{"line":153,"column":67}},"line":153}},"branchMap":{"0":{"loc":{"start":{"line":10,"column":14},"end":{"line":10,"column":25}},"type":"default-arg","locations":[{"start":{"line":10,"column":23},"end":{"line":10,"column":25}}],"line":10},"1":{"loc":{"start":{"line":84,"column":22},"end":{"line":84,"column":103}},"type":"cond-expr","locations":[{"start":{"line":84,"column":43},"end":{"line":84,"column":70}},{"start":{"line":84,"column":73},"end":{"line":84,"column":103}}],"line":84},"2":{"loc":{"start":{"line":93,"column":6},"end":{"line":100,"column":7}},"type":"if","locations":[{"start":{"line":93,"column":6},"end":{"line":100,"column":7}},{"start":{},"end":{}}],"line":93}},"s":{"0":1,"1":1,"2":1,"3":1,"4":10,"5":10,"6":10,"7":10,"8":10,"9":0,"10":0,"11":9,"12":9,"13":9,"14":9,"15":9,"16":9,"17":9,"18":0,"19":0,"20":3,"21":3,"22":3,"23":3,"24":3,"25":3,"26":3,"27":0,"28":0,"29":12,"30":12,"31":12,"32":12,"33":12,"34":12,"35":0,"36":0,"37":0,"38":0,"39":0,"40":0,"41":0,"42":2,"43":2,"44":2,"45":2,"46":2,"47":2,"48":2,"49":2,"50":2,"51":1,"52":0,"53":1,"54":1,"55":1,"56":1,"57":1,"58":1,"59":1,"60":1,"61":1,"62":1,"63":1,"64":1,"65":1,"66":0,"67":0,"68":0,"69":0,"70":1},"f":{"0":10,"1":10,"2":9,"3":3,"4":12,"5":12,"6":2,"7":2,"8":0,"9":1,"10":1,"11":0},"b":{"0":[0],"1":[9,3],"2":[0,12]},"_coverageSchema":"1a1c01bbd47fc00a2c39e90264f33305004495a9","hash":"1e12f5ef8af343b03a7842c163b4d7a8a813b928"}
,"C:\\Users\\johnb\\Documents\\TwitterFavorite\\src\\services\\ErrorReportingService.js": {"path":"C:\\Users\\johnb\\Documents\\TwitterFavorite\\src\\services\\ErrorReportingService.js","statementMap":{"0":{"start":{"line":1,"column":15},"end":{"line":1,"column":35}},"1":{"start":{"line":2,"column":11},"end":{"line":2,"column":24}},"2":{"start":{"line":9,"column":4},"end":{"line":9,"column":28}},"3":{"start":{"line":10,"column":4},"end":{"line":15,"column":6}},"4":{"start":{"line":24,"column":21},"end":{"line":24,"column":44}},"5":{"start":{"line":25,"column":22},"end":{"line":30,"column":5}},"6":{"start":{"line":32,"column":4},"end":{"line":32,"column":22}},"7":{"start":{"line":33,"column":4},"end":{"line":33,"column":36}},"8":{"start":{"line":34,"column":4},"end":{"line":37,"column":7}},"9":{"start":{"line":40,"column":4},"end":{"line":42,"column":5}},"10":{"start":{"line":41,"column":6},"end":{"line":41,"column":33}},"11":{"start":{"line":44,"column":4},"end":{"line":44,"column":41}},"12":{"start":{"line":47,"column":4},"end":{"line":56,"column":7}},"13":{"start":{"line":64,"column":18},"end":{"line":69,"column":5}},"14":{"start":{"line":71,"column":4},"end":{"line":83,"column":5}},"15":{"start":{"line":72,"column":6},"end":{"line":72,"column":38}},"16":{"start":{"line":73,"column":26},"end":{"line":73,"column":40}},"17":{"start":{"line":75,"column":6},"end":{"line":75,"column":84}},"18":{"start":{"line":77,"column":6},"end":{"line":82,"column":9}},"19":{"start":{"line":86,"column":4},"end":{"line":86,"column":57}},"20":{"start":{"line":86,"column":38},"end":{"line":86,"column":55}},"21":{"start":{"line":87,"column":4},"end":{"line":87,"column":56}},"22":{"start":{"line":89,"column":4},"end":{"line":89,"column":17}},"23":{"start":{"line":96,"column":4},"end":{"line":96,"column":24}},"24":{"start":{"line":106,"column":4},"end":{"line":106,"column":44}},"25":{"start":{"line":113,"column":18},"end":{"line":113,"column":38}},"26":{"start":{"line":114,"column":4},"end":{"line":114,"column":47}},"27":{"start":{"line":123,"column":4},"end":{"line":125,"column":6}},"28":{"start":{"line":124,"column":6},"end":{"line":124,"column":43}},"29":{"start":{"line":136,"column":4},"end":{"line":143,"column":6}},"30":{"start":{"line":137,"column":6},"end":{"line":142,"column":7}},"31":{"start":{"line":138,"column":8},"end":{"line":138,"column":33}},"32":{"start":{"line":140,"column":8},"end":{"line":140,"column":51}},"33":{"start":{"line":141,"column":8},"end":{"line":141,"column":20}},"34":{"start":{"line":148,"column":0},"end":{"line":148,"column":45}}},"fnMap":{"0":{"name":"(anonymous_0)","decl":{"start":{"line":8,"column":2},"end":{"line":8,"column":3}},"loc":{"start":{"line":8,"column":16},"end":{"line":16,"column":3}},"line":8},"1":{"name":"(anonymous_1)","decl":{"start":{"line":23,"column":2},"end":{"line":23,"column":3}},"loc":{"start":{"line":23,"column":35},"end":{"line":57,"column":3}},"line":23},"2":{"name":"(anonymous_2)","decl":{"start":{"line":63,"column":2},"end":{"line":63,"column":3}},"loc":{"start":{"line":63,"column":18},"end":{"line":90,"column":3}},"line":63},"3":{"name":"(anonymous_3)","decl":{"start":{"line":86,"column":28},"end":{"line":86,"column":29}},"loc":{"start":{"line":86,"column":38},"end":{"line":86,"column":55}},"line":86},"4":{"name":"(anonymous_4)","decl":{"start":{"line":95,"column":2},"end":{"line":95,"column":3}},"loc":{"start":{"line":95,"column":16},"end":{"line":97,"column":3}},"line":95},"5":{"name":"(anonymous_5)","decl":{"start":{"line":105,"column":2},"end":{"line":105,"column":3}},"loc":{"start":{"line":105,"column":21},"end":{"line":107,"column":3}},"line":105},"6":{"name":"(anonymous_6)","decl":{"start":{"line":112,"column":2},"end":{"line":112,"column":3}},"loc":{"start":{"line":112,"column":18},"end":{"line":115,"column":3}},"line":112},"7":{"name":"(anonymous_7)","decl":{"start":{"line":122,"column":2},"end":{"line":122,"column":3}},"loc":{"start":{"line":122,"column":30},"end":{"line":126,"column":3}},"line":122},"8":{"name":"(anonymous_8)","decl":{"start":{"line":123,"column":11},"end":{"line":123,"column":12}},"loc":{"start":{"line":123,"column":22},"end":{"line":125,"column":5}},"line":123},"9":{"name":"(anonymous_9)","decl":{"start":{"line":135,"column":2},"end":{"line":135,"column":3}},"loc":{"start":{"line":135,"column":25},"end":{"line":144,"column":3}},"line":135},"10":{"name":"(anonymous_10)","decl":{"start":{"line":136,"column":11},"end":{"line":136,"column":12}},"loc":{"start":{"line":136,"column":30},"end":{"line":143,"column":5}},"line":136}},"branchMap":{"0":{"loc":{"start":{"line":23,"column":21},"end":{"line":23,"column":33}},"type":"default-arg","locations":[{"start":{"line":23,"column":31},"end":{"line":23,"column":33}}],"line":23},"1":{"loc":{"start":{"line":25,"column":22},"end":{"line":30,"column":5}},"type":"binary-expr","locations":[{"start":{"line":25,"column":22},"end":{"line":25,"column":47}},{"start":{"line":25,"column":51},"end":{"line":30,"column":5}}],"line":25},"2":{"loc":{"start":{"line":40,"column":4},"end":{"line":42,"column":5}},"type":"if","locations":[{"start":{"line":40,"column":4},"end":{"line":42,"column":5}},{"start":{},"end":{}}],"line":40},"3":{"loc":{"start":{"line":75,"column":37},"end":{"line":75,"column":69}},"type":"binary-expr","locations":[{"start":{"line":75,"column":37},"end":{"line":75,"column":64}},{"start":{"line":75,"column":68},"end":{"line":75,"column":69}}],"line":75}},"s":{"0":3,"1":3,"2":3,"3":3,"4":21,"5":21,"6":21,"7":21,"8":21,"9":21,"10":1,"11":21,"12":21,"13":7,"14":7,"15":7,"16":7,"17":7,"18":7,"19":7,"20":2,"21":7,"22":7,"23":8,"24":22,"25":0,"26":0,"27":1,"28":1,"29":2,"30":2,"31":2,"32":1,"33":1,"34":3},"f":{"0":3,"1":21,"2":7,"3":2,"4":8,"5":22,"6":0,"7":1,"8":1,"9":2,"10":2},"b":{"0":[6],"1":[21,8],"2":[1,20],"3":[7,6]},"_coverageSchema":"1a1c01bbd47fc00a2c39e90264f33305004495a9","hash":"77db8a01673e20c1a1c06aa82cbf9ddc6c7b55af"}
,"C:\\Users\\johnb\\Documents\\TwitterFavorite\\src\\services\\TwitterService.js": {"path":"C:\\Users\\johnb\\Documents\\TwitterFavorite\\src\\services\\TwitterService.js","statementMap":{"0":{"start":{"line":12,"column":13},"end":{"line":12,"column":28}},"1":{"start":{"line":13,"column":15},"end":{"line":13,"column":35}},"2":{"start":{"line":14,"column":16},"end":{"line":14,"column":45}},"3":{"start":{"line":15,"column":23},"end":{"line":15,"column":48}},"4":{"start":{"line":16,"column":16},"end":{"line":16,"column":43}},"5":{"start":{"line":17,"column":19},"end":{"line":17,"column":44}},"6":{"start":{"line":18,"column":20},"end":{"line":18,"column":58}},"7":{"start":{"line":19,"column":29},"end":{"line":19,"column":65}},"8":{"start":{"line":20,"column":23},"end":{"line":20,"column":57}},"9":{"start":{"line":32,"column":4},"end":{"line":32,"column":47}},"10":{"start":{"line":33,"column":4},"end":{"line":33,"column":39}},"11":{"start":{"line":34,"column":4},"end":{"line":34,"column":44}},"12":{"start":{"line":35,"column":4},"end":{"line":35,"column":25}},"13":{"start":{"line":38,"column":4},"end":{"line":41,"column":17}},"14":{"start":{"line":39,"column":23},"end":{"line":39,"column":37}},"15":{"start":{"line":40,"column":6},"end":{"line":40,"column":35}},"16":{"start":{"line":44,"column":4},"end":{"line":58,"column":6}},"17":{"start":{"line":50,"column":8},"end":{"line":50,"column":44}},"18":{"start":{"line":50,"column":31},"end":{"line":50,"column":44}},"19":{"start":{"line":52,"column":8},"end":{"line":56,"column":10}},"20":{"start":{"line":61,"column":4},"end":{"line":61,"column":95}},"21":{"start":{"line":62,"column":4},"end":{"line":62,"column":99}},"22":{"start":{"line":72,"column":4},"end":{"line":91,"column":25}},"23":{"start":{"line":73,"column":6},"end":{"line":90,"column":7}},"24":{"start":{"line":74,"column":8},"end":{"line":78,"column":9}},"25":{"start":{"line":75,"column":28},"end":{"line":75,"column":71}},"26":{"start":{"line":76,"column":10},"end":{"line":76,"column":80}},"27":{"start":{"line":77,"column":10},"end":{"line":77,"column":71}},"28":{"start":{"line":77,"column":39},"end":{"line":77,"column":69}},"29":{"start":{"line":80,"column":23},"end":{"line":80,"column":86}},"30":{"start":{"line":81,"column":8},"end":{"line":81,"column":50}},"31":{"start":{"line":82,"column":8},"end":{"line":82,"column":41}},"32":{"start":{"line":83,"column":8},"end":{"line":83,"column":22}},"33":{"start":{"line":85,"column":8},"end":{"line":88,"column":11}},"34":{"start":{"line":89,"column":8},"end":{"line":89,"column":20}},"35":{"start":{"line":100,"column":25},"end":{"line":100,"column":74}},"36":{"start":{"line":101,"column":30},"end":{"line":101,"column":84}},"37":{"start":{"line":103,"column":4},"end":{"line":103,"column":67}},"38":{"start":{"line":103,"column":34},"end":{"line":103,"column":65}},"39":{"start":{"line":104,"column":4},"end":{"line":107,"column":7}},"40":{"start":{"line":105,"column":6},"end":{"line":105,"column":26}},"41":{"start":{"line":106,"column":6},"end":{"line":106,"column":35}},"42":{"start":{"line":108,"column":4},"end":{"line":111,"column":7}},"43":{"start":{"line":109,"column":6},"end":{"line":109,"column":80}},"44":{"start":{"line":110,"column":6},"end":{"line":110,"column":43}},"45":{"start":{"line":112,"column":4},"end":{"line":114,"column":7}},"46":{"start":{"line":113,"column":6},"end":{"line":113,"column":61}},"47":{"start":{"line":115,"column":4},"end":{"line":117,"column":7}},"48":{"start":{"line":116,"column":6},"end":{"line":116,"column":62}},"49":{"start":{"line":127,"column":4},"end":{"line":163,"column":5}},"50":{"start":{"line":129,"column":6},"end":{"line":133,"column":7}},"51":{"start":{"line":130,"column":8},"end":{"line":130,"column":41}},"52":{"start":{"line":131,"column":8},"end":{"line":131,"column":75}},"53":{"start":{"line":132,"column":8},"end":{"line":132,"column":15}},"54":{"start":{"line":135,"column":6},"end":{"line":138,"column":7}},"55":{"start":{"line":136,"column":8},"end":{"line":136,"column":41}},"56":{"start":{"line":137,"column":8},"end":{"line":137,"column":15}},"57":{"start":{"line":140,"column":19},"end":{"line":140,"column":43}},"58":{"start":{"line":141,"column":6},"end":{"line":156,"column":7}},"59":{"start":{"line":142,"column":8},"end":{"line":145,"column":11}},"60":{"start":{"line":148,"column":8},"end":{"line":151,"column":11}},"61":{"start":{"line":153,"column":8},"end":{"line":153,"column":36}},"62":{"start":{"line":155,"column":8},"end":{"line":155,"column":41}},"63":{"start":{"line":158,"column":6},"end":{"line":161,"column":9}},"64":{"start":{"line":162,"column":6},"end":{"line":162,"column":35}},"65":{"start":{"line":173,"column":4},"end":{"line":173,"column":42}},"66":{"start":{"line":184,"column":4},"end":{"line":186,"column":5}},"67":{"start":{"line":185,"column":6},"end":{"line":185,"column":19}},"68":{"start":{"line":188,"column":4},"end":{"line":195,"column":6}},"69":{"start":{"line":205,"column":28},"end":{"line":205,"column":57}},"70":{"start":{"line":206,"column":4},"end":{"line":208,"column":5}},"71":{"start":{"line":207,"column":6},"end":{"line":207,"column":19}},"72":{"start":{"line":210,"column":4},"end":{"line":210,"column":87}},"73":{"start":{"line":210,"column":56},"end":{"line":210,"column":85}},"74":{"start":{"line":220,"column":25},"end":{"line":220,"column":56}},"75":{"start":{"line":221,"column":4},"end":{"line":221,"column":43}},"76":{"start":{"line":231,"column":4},"end":{"line":281,"column":25}},"77":{"start":{"line":232,"column":6},"end":{"line":280,"column":7}},"78":{"start":{"line":233,"column":28},"end":{"line":233,"column":51}},"79":{"start":{"line":234,"column":8},"end":{"line":237,"column":9}},"80":{"start":{"line":235,"column":10},"end":{"line":235,"column":85}},"81":{"start":{"line":236,"column":10},"end":{"line":236,"column":22}},"82":{"start":{"line":239,"column":8},"end":{"line":248,"column":9}},"83":{"start":{"line":240,"column":28},"end":{"line":240,"column":72}},"84":{"start":{"line":241,"column":10},"end":{"line":244,"column":13}},"85":{"start":{"line":246,"column":10},"end":{"line":246,"column":55}},"86":{"start":{"line":247,"column":10},"end":{"line":247,"column":22}},"87":{"start":{"line":250,"column":23},"end":{"line":250,"column":82}},"88":{"start":{"line":251,"column":8},"end":{"line":251,"column":51}},"89":{"start":{"line":254,"column":8},"end":{"line":256,"column":9}},"90":{"start":{"line":255,"column":10},"end":{"line":255,"column":81}},"91":{"start":{"line":259,"column":8},"end":{"line":262,"column":11}},"92":{"start":{"line":264,"column":8},"end":{"line":264,"column":65}},"93":{"start":{"line":265,"column":8},"end":{"line":265,"column":43}},"94":{"start":{"line":266,"column":8},"end":{"line":266,"column":22}},"95":{"start":{"line":268,"column":8},"end":{"line":274,"column":9}},"96":{"start":{"line":269,"column":10},"end":{"line":269,"column":88}},"97":{"start":{"line":271,"column":10},"end":{"line":271,"column":55}},"98":{"start":{"line":272,"column":10},"end":{"line":272,"column":75}},"99":{"start":{"line":273,"column":10},"end":{"line":273,"column":22}},"100":{"start":{"line":275,"column":8},"end":{"line":278,"column":11}},"101":{"start":{"line":279,"column":8},"end":{"line":279,"column":20}},"102":{"start":{"line":288,"column":4},"end":{"line":288,"column":25}},"103":{"start":{"line":292,"column":0},"end":{"line":292,"column":32}}},"fnMap":{"0":{"name":"(anonymous_0)","decl":{"start":{"line":31,"column":2},"end":{"line":31,"column":3}},"loc":{"start":{"line":31,"column":22},"end":{"line":63,"column":3}},"line":31},"1":{"name":"(anonymous_1)","decl":{"start":{"line":38,"column":16},"end":{"line":38,"column":17}},"loc":{"start":{"line":38,"column":22},"end":{"line":41,"column":5}},"line":38},"2":{"name":"(anonymous_2)","decl":{"start":{"line":48,"column":19},"end":{"line":48,"column":20}},"loc":{"start":{"line":48,"column":30},"end":{"line":57,"column":7}},"line":48},"3":{"name":"(anonymous_3)","decl":{"start":{"line":71,"column":2},"end":{"line":71,"column":3}},"loc":{"start":{"line":71,"column":35},"end":{"line":92,"column":3}},"line":71},"4":{"name":"(anonymous_4)","decl":{"start":{"line":72,"column":28},"end":{"line":72,"column":29}},"loc":{"start":{"line":72,"column":40},"end":{"line":91,"column":5}},"line":72},"5":{"name":"(anonymous_5)","decl":{"start":{"line":77,"column":28},"end":{"line":77,"column":29}},"loc":{"start":{"line":77,"column":39},"end":{"line":77,"column":69}},"line":77},"6":{"name":"(anonymous_6)","decl":{"start":{"line":99,"column":2},"end":{"line":99,"column":3}},"loc":{"start":{"line":99,"column":30},"end":{"line":118,"column":3}},"line":99},"7":{"name":"(anonymous_7)","decl":{"start":{"line":103,"column":23},"end":{"line":103,"column":24}},"loc":{"start":{"line":103,"column":34},"end":{"line":103,"column":65}},"line":103},"8":{"name":"(anonymous_8)","decl":{"start":{"line":104,"column":23},"end":{"line":104,"column":24}},"loc":{"start":{"line":104,"column":34},"end":{"line":107,"column":5}},"line":104},"9":{"name":"(anonymous_9)","decl":{"start":{"line":108,"column":28},"end":{"line":108,"column":29}},"loc":{"start":{"line":108,"column":51},"end":{"line":111,"column":5}},"line":108},"10":{"name":"(anonymous_10)","decl":{"start":{"line":112,"column":25},"end":{"line":112,"column":26}},"loc":{"start":{"line":112,"column":31},"end":{"line":114,"column":5}},"line":112},"11":{"name":"(anonymous_11)","decl":{"start":{"line":115,"column":27},"end":{"line":115,"column":28}},"loc":{"start":{"line":115,"column":33},"end":{"line":117,"column":5}},"line":115},"12":{"name":"(anonymous_12)","decl":{"start":{"line":126,"column":2},"end":{"line":126,"column":3}},"loc":{"start":{"line":126,"column":35},"end":{"line":164,"column":3}},"line":126},"13":{"name":"(anonymous_13)","decl":{"start":{"line":172,"column":2},"end":{"line":172,"column":3}},"loc":{"start":{"line":172,"column":22},"end":{"line":174,"column":3}},"line":172},"14":{"name":"(anonymous_14)","decl":{"start":{"line":183,"column":2},"end":{"line":183,"column":3}},"loc":{"start":{"line":183,"column":34},"end":{"line":196,"column":3}},"line":183},"15":{"name":"(anonymous_15)","decl":{"start":{"line":204,"column":2},"end":{"line":204,"column":3}},"loc":{"start":{"line":204,"column":23},"end":{"line":211,"column":3}},"line":204},"16":{"name":"(anonymous_16)","decl":{"start":{"line":210,"column":44},"end":{"line":210,"column":45}},"loc":{"start":{"line":210,"column":56},"end":{"line":210,"column":85}},"line":210},"17":{"name":"(anonymous_17)","decl":{"start":{"line":219,"column":2},"end":{"line":219,"column":3}},"loc":{"start":{"line":219,"column":26},"end":{"line":222,"column":3}},"line":219},"18":{"name":"(anonymous_18)","decl":{"start":{"line":230,"column":2},"end":{"line":230,"column":3}},"loc":{"start":{"line":230,"column":31},"end":{"line":282,"column":3}},"line":230},"19":{"name":"(anonymous_19)","decl":{"start":{"line":231,"column":28},"end":{"line":231,"column":29}},"loc":{"start":{"line":231,"column":40},"end":{"line":281,"column":5}},"line":231},"20":{"name":"(anonymous_20)","decl":{"start":{"line":287,"column":2},"end":{"line":287,"column":3}},"loc":{"start":{"line":287,"column":15},"end":{"line":289,"column":3}},"line":287}},"branchMap":{"0":{"loc":{"start":{"line":50,"column":8},"end":{"line":50,"column":44}},"type":"if","locations":[{"start":{"line":50,"column":8},"end":{"line":50,"column":44}},{"start":{},"end":{}}],"line":50},"1":{"loc":{"start":{"line":53,"column":10},"end":{"line":55,"column":34}},"type":"binary-expr","locations":[{"start":{"line":53,"column":10},"end":{"line":53,"column":37}},{"start":{"line":54,"column":10},"end":{"line":54,"column":36}},{"start":{"line":55,"column":10},"end":{"line":55,"column":34}}],"line":53},"2":{"loc":{"start":{"line":74,"column":8},"end":{"line":78,"column":9}},"type":"if","locations":[{"start":{"line":74,"column":8},"end":{"line":78,"column":9}},{"start":{},"end":{}}],"line":74},"3":{"loc":{"start":{"line":129,"column":6},"end":{"line":133,"column":7}},"type":"if","locations":[{"start":{"line":129,"column":6},"end":{"line":133,"column":7}},{"start":{},"end":{}}],"line":129},"4":{"loc":{"start":{"line":135,"column":6},"end":{"line":138,"column":7}},"type":"if","locations":[{"start":{"line":135,"column":6},"end":{"line":138,"column":7}},{"start":{},"end":{}}],"line":135},"5":{"loc":{"start":{"line":141,"column":6},"end":{"line":156,"column":7}},"type":"if","locations":[{"start":{"line":141,"column":6},"end":{"line":156,"column":7}},{"start":{"line":154,"column":13},"end":{"line":156,"column":7}}],"line":141},"6":{"loc":{"start":{"line":173,"column":11},"end":{"line":173,"column":41}},"type":"binary-expr","locations":[{"start":{"line":173,"column":11},"end":{"line":173,"column":22}},{"start":{"line":173,"column":26},"end":{"line":173,"column":41}}],"line":173},"7":{"loc":{"start":{"line":184,"column":4},"end":{"line":186,"column":5}},"type":"if","locations":[{"start":{"line":184,"column":4},"end":{"line":186,"column":5}},{"start":{},"end":{}}],"line":184},"8":{"loc":{"start":{"line":189,"column":6},"end":{"line":194,"column":49}},"type":"binary-expr","locations":[{"start":{"line":189,"column":6},"end":{"line":189,"column":44}},{"start":{"line":190,"column":6},"end":{"line":190,"column":29}},{"start":{"line":191,"column":6},"end":{"line":191,"column":22}},{"start":{"line":192,"column":6},"end":{"line":192,"column":35}},{"start":{"line":193,"column":6},"end":{"line":193,"column":37}},{"start":{"line":194,"column":6},"end":{"line":194,"column":49}}],"line":189},"9":{"loc":{"start":{"line":206,"column":4},"end":{"line":208,"column":5}},"type":"if","locations":[{"start":{"line":206,"column":4},"end":{"line":208,"column":5}},{"start":{},"end":{}}],"line":206},"10":{"loc":{"start":{"line":206,"column":8},"end":{"line":206,"column":54}},"type":"binary-expr","locations":[{"start":{"line":206,"column":8},"end":{"line":206,"column":24}},{"start":{"line":206,"column":28},"end":{"line":206,"column":54}}],"line":206},"11":{"loc":{"start":{"line":234,"column":8},"end":{"line":237,"column":9}},"type":"if","locations":[{"start":{"line":234,"column":8},"end":{"line":237,"column":9}},{"start":{},"end":{}}],"line":234},"12":{"loc":{"start":{"line":234,"column":12},"end":{"line":234,"column":48}},"type":"binary-expr","locations":[{"start":{"line":234,"column":12},"end":{"line":234,"column":23}},{"start":{"line":234,"column":27},"end":{"line":234,"column":48}}],"line":234},"13":{"loc":{"start":{"line":239,"column":8},"end":{"line":248,"column":9}},"type":"if","locations":[{"start":{"line":239,"column":8},"end":{"line":248,"column":9}},{"start":{},"end":{}}],"line":239},"14":{"loc":{"start":{"line":254,"column":8},"end":{"line":256,"column":9}},"type":"if","locations":[{"start":{"line":254,"column":8},"end":{"line":256,"column":9}},{"start":{},"end":{}}],"line":254},"15":{"loc":{"start":{"line":254,"column":12},"end":{"line":254,"column":46}},"type":"binary-expr","locations":[{"start":{"line":254,"column":12},"end":{"line":254,"column":23}},{"start":{"line":254,"column":27},"end":{"line":254,"column":46}}],"line":254},"16":{"loc":{"start":{"line":268,"column":8},"end":{"line":274,"column":9}},"type":"if","locations":[{"start":{"line":268,"column":8},"end":{"line":274,"column":9}},{"start":{},"end":{}}],"line":268}},"s":{"0":1,"1":1,"2":1,"3":1,"4":1,"5":1,"6":1,"7":1,"8":1,"9":14,"10":14,"11":14,"12":14,"13":14,"14":0,"15":0,"16":0,"17":0,"18":0,"19":0,"20":0,"21":0,"22":0,"23":0,"24":0,"25":0,"26":0,"27":0,"28":0,"29":0,"30":0,"31":0,"32":0,"33":0,"34":0,"35":0,"36":0,"37":0,"38":0,"39":0,"40":0,"41":0,"42":0,"43":0,"44":0,"45":0,"46":0,"47":0,"48":0,"49":0,"50":0,"51":0,"52":0,"53":0,"54":0,"55":0,"56":0,"57":0,"58":0,"59":0,"60":0,"61":0,"62":0,"63":0,"64":0,"65":0,"66":0,"67":0,"68":0,"69":0,"70":0,"71":0,"72":0,"73":0,"74":0,"75":0,"76":0,"77":0,"78":0,"79":0,"80":0,"81":0,"82":0,"83":0,"84":0,"85":0,"86":0,"87":0,"88":0,"89":0,"90":0,"91":0,"92":0,"93":0,"94":0,"95":0,"96":0,"97":0,"98":0,"99":0,"100":0,"101":0,"102":0,"103":1},"f":{"0":14,"1":0,"2":0,"3":0,"4":0,"5":0,"6":0,"7":0,"8":0,"9":0,"10":0,"11":0,"12":0,"13":0,"14":0,"15":0,"16":0,"17":0,"18":0,"19":0,"20":0},"b":{"0":[0,0],"1":[0,0,0],"2":[0,0],"3":[0,0],"4":[0,0],"5":[0,0],"6":[0,0],"7":[0,0],"8":[0,0,0,0,0,0],"9":[0,0],"10":[0,0],"11":[0,0],"12":[0,0],"13":[0,0],"14":[0,0],"15":[0,0],"16":[0,0]},"_coverageSchema":"1a1c01bbd47fc00a2c39e90264f33305004495a9","hash":"2c8b76ceb5c069dd7c4a5aedf2e7b3d1ce94ba15"}
,"C:\\Users\\johnb\\Documents\\TwitterFavorite\\src\\utils\\cache.js": {"path":"C:\\Users\\johnb\\Documents\\TwitterFavorite\\src\\utils\\cache.js","statementMap":{"0":{"start":{"line":10,"column":4},"end":{"line":10,"column":27}},"1":{"start":{"line":11,"column":4},"end":{"line":11,"column":27}},"2":{"start":{"line":20,"column":4},"end":{"line":24,"column":5}},"3":{"start":{"line":22,"column":23},"end":{"line":22,"column":53}},"4":{"start":{"line":23,"column":6},"end":{"line":23,"column":34}},"5":{"start":{"line":25,"column":4},"end":{"line":28,"column":7}},"6":{"start":{"line":37,"column":18},"end":{"line":37,"column":41}},"7":{"start":{"line":38,"column":4},"end":{"line":38,"column":28}},"8":{"start":{"line":38,"column":16},"end":{"line":38,"column":28}},"9":{"start":{"line":39,"column":4},"end":{"line":39,"column":22}},"10":{"start":{"line":48,"column":4},"end":{"line":48,"column":35}},"11":{"start":{"line":56,"column":16},"end":{"line":56,"column":26}},"12":{"start":{"line":57,"column":4},"end":{"line":61,"column":5}},"13":{"start":{"line":58,"column":6},"end":{"line":60,"column":7}},"14":{"start":{"line":59,"column":8},"end":{"line":59,"column":31}},"15":{"start":{"line":69,"column":4},"end":{"line":69,"column":27}},"16":{"start":{"line":76,"column":4},"end":{"line":76,"column":23}},"17":{"start":{"line":81,"column":0},"end":{"line":81,"column":34}}},"fnMap":{"0":{"name":"(anonymous_0)","decl":{"start":{"line":9,"column":2},"end":{"line":9,"column":3}},"loc":{"start":{"line":9,"column":30},"end":{"line":12,"column":3}},"line":9},"1":{"name":"(anonymous_1)","decl":{"start":{"line":19,"column":2},"end":{"line":19,"column":3}},"loc":{"start":{"line":19,"column":21},"end":{"line":29,"column":3}},"line":19},"2":{"name":"(anonymous_2)","decl":{"start":{"line":36,"column":2},"end":{"line":36,"column":3}},"loc":{"start":{"line":36,"column":15},"end":{"line":40,"column":3}},"line":36},"3":{"name":"(anonymous_3)","decl":{"start":{"line":47,"column":2},"end":{"line":47,"column":3}},"loc":{"start":{"line":47,"column":15},"end":{"line":49,"column":3}},"line":47},"4":{"name":"(anonymous_4)","decl":{"start":{"line":55,"column":2},"end":{"line":55,"column":3}},"loc":{"start":{"line":55,"column":18},"end":{"line":62,"column":3}},"line":55},"5":{"name":"(anonymous_5)","decl":{"start":{"line":68,"column":2},"end":{"line":68,"column":3}},"loc":{"start":{"line":68,"column":9},"end":{"line":70,"column":3}},"line":68},"6":{"name":"(anonymous_6)","decl":{"start":{"line":75,"column":2},"end":{"line":75,"column":3}},"loc":{"start":{"line":75,"column":10},"end":{"line":77,"column":3}},"line":75}},"branchMap":{"0":{"loc":{"start":{"line":9,"column":14},"end":{"line":9,"column":28}},"type":"default-arg","locations":[{"start":{"line":9,"column":24},"end":{"line":9,"column":28}}],"line":9},"1":{"loc":{"start":{"line":20,"column":4},"end":{"line":24,"column":5}},"type":"if","locations":[{"start":{"line":20,"column":4},"end":{"line":24,"column":5}},{"start":{},"end":{}}],"line":20},"2":{"loc":{"start":{"line":38,"column":4},"end":{"line":38,"column":28}},"type":"if","locations":[{"start":{"line":38,"column":4},"end":{"line":38,"column":28}},{"start":{},"end":{}}],"line":38},"3":{"loc":{"start":{"line":58,"column":6},"end":{"line":60,"column":7}},"type":"if","locations":[{"start":{"line":58,"column":6},"end":{"line":60,"column":7}},{"start":{},"end":{}}],"line":58}},"s":{"0":3,"1":3,"2":11,"3":1,"4":1,"5":11,"6":1,"7":1,"8":0,"9":1,"10":4,"11":1,"12":1,"13":2,"14":2,"15":5,"16":7,"17":2},"f":{"0":3,"1":11,"2":1,"3":4,"4":1,"5":5,"6":7},"b":{"0":[2],"1":[1,10],"2":[0,1],"3":[2,0]},"_coverageSchema":"1a1c01bbd47fc00a2c39e90264f33305004495a9","hash":"d08c38d81e5948e172ef9b9d9eefec31ef0dac49"}
,"C:\\Users\\johnb\\Documents\\TwitterFavorite\\src\\utils\\configValidator.js": {"path":"C:\\Users\\johnb\\Documents\\TwitterFavorite\\src\\utils\\configValidator.js","statementMap":{"0":{"start":{"line":6,"column":15},"end":{"line":6,"column":35}},"1":{"start":{"line":11,"column":21},"end":{"line":47,"column":1}},"2":{"start":{"line":51,"column":4},"end":{"line":51,"column":19}},"3":{"start":{"line":52,"column":4},"end":{"line":52,"column":40}},"4":{"start":{"line":53,"column":4},"end":{"line":53,"column":45}},"5":{"start":{"line":64,"column":17},"end":{"line":64,"column":19}},"6":{"start":{"line":65,"column":26},"end":{"line":65,"column":39}},"7":{"start":{"line":67,"column":2},"end":{"line":88,"column":3}},"8":{"start":{"line":69,"column":4},"end":{"line":69,"column":71}},"9":{"start":{"line":71,"column":4},"end":{"line":73,"column":5}},"10":{"start":{"line":72,"column":6},"end":{"line":72,"column":81}},"11":{"start":{"line":76,"column":28},"end":{"line":76,"column":59}},"12":{"start":{"line":77,"column":4},"end":{"line":77,"column":85}},"13":{"start":{"line":79,"column":4},"end":{"line":79,"column":27}},"14":{"start":{"line":81,"column":4},"end":{"line":86,"column":5}},"15":{"start":{"line":82,"column":6},"end":{"line":84,"column":9}},"16":{"start":{"line":85,"column":6},"end":{"line":85,"column":18}},"17":{"start":{"line":87,"column":4},"end":{"line":87,"column":83}},"18":{"start":{"line":96,"column":2},"end":{"line":130,"column":3}},"19":{"start":{"line":97,"column":24},"end":{"line":97,"column":53}},"20":{"start":{"line":98,"column":18},"end":{"line":98,"column":29}},"21":{"start":{"line":100,"column":4},"end":{"line":103,"column":5}},"22":{"start":{"line":101,"column":6},"end":{"line":101,"column":68}},"23":{"start":{"line":102,"column":6},"end":{"line":102,"column":15}},"24":{"start":{"line":105,"column":4},"end":{"line":108,"column":5}},"25":{"start":{"line":106,"column":6},"end":{"line":106,"column":39}},"26":{"start":{"line":107,"column":6},"end":{"line":107,"column":15}},"27":{"start":{"line":110,"column":4},"end":{"line":112,"column":5}},"28":{"start":{"line":111,"column":6},"end":{"line":111,"column":15}},"29":{"start":{"line":114,"column":4},"end":{"line":122,"column":5}},"30":{"start":{"line":115,"column":6},"end":{"line":115,"column":59}},"31":{"start":{"line":116,"column":6},"end":{"line":118,"column":7}},"32":{"start":{"line":117,"column":8},"end":{"line":117,"column":69}},"33":{"start":{"line":119,"column":6},"end":{"line":121,"column":7}},"34":{"start":{"line":120,"column":8},"end":{"line":120,"column":69}},"35":{"start":{"line":124,"column":4},"end":{"line":129,"column":5}},"36":{"start":{"line":125,"column":6},"end":{"line":125,"column":38}},"37":{"start":{"line":126,"column":6},"end":{"line":126,"column":92}},"38":{"start":{"line":128,"column":6},"end":{"line":128,"column":26}},"39":{"start":{"line":138,"column":21},"end":{"line":138,"column":33}},"40":{"start":{"line":139,"column":2},"end":{"line":141,"column":3}},"41":{"start":{"line":140,"column":4},"end":{"line":140,"column":92}},"42":{"start":{"line":149,"column":2},"end":{"line":151,"column":3}},"43":{"start":{"line":150,"column":4},"end":{"line":150,"column":51}},"44":{"start":{"line":159,"column":2},"end":{"line":161,"column":3}},"45":{"start":{"line":160,"column":4},"end":{"line":160,"column":50}},"46":{"start":{"line":169,"column":20},"end":{"line":169,"column":33}},"47":{"start":{"line":170,"column":2},"end":{"line":178,"column":3}},"48":{"start":{"line":171,"column":4},"end":{"line":177,"column":6}},"49":{"start":{"line":179,"column":2},"end":{"line":179,"column":19}},"50":{"start":{"line":182,"column":0},"end":{"line":185,"column":2}}},"fnMap":{"0":{"name":"(anonymous_0)","decl":{"start":{"line":50,"column":2},"end":{"line":50,"column":3}},"loc":{"start":{"line":50,"column":41},"end":{"line":54,"column":3}},"line":50},"1":{"name":"validateConfig","decl":{"start":{"line":63,"column":9},"end":{"line":63,"column":23}},"loc":{"start":{"line":63,"column":32},"end":{"line":89,"column":1}},"line":63},"2":{"name":"validateSection","decl":{"start":{"line":95,"column":9},"end":{"line":95,"column":24}},"loc":{"start":{"line":95,"column":63},"end":{"line":131,"column":1}},"line":95},"3":{"name":"validateType","decl":{"start":{"line":137,"column":9},"end":{"line":137,"column":21}},"loc":{"start":{"line":137,"column":55},"end":{"line":142,"column":1}},"line":137},"4":{"name":"validateMinValue","decl":{"start":{"line":148,"column":9},"end":{"line":148,"column":25}},"loc":{"start":{"line":148,"column":52},"end":{"line":152,"column":1}},"line":148},"5":{"name":"validateMaxValue","decl":{"start":{"line":158,"column":9},"end":{"line":158,"column":25}},"loc":{"start":{"line":158,"column":52},"end":{"line":162,"column":1}},"line":158},"6":{"name":"sanitizeConfig","decl":{"start":{"line":168,"column":9},"end":{"line":168,"column":23}},"loc":{"start":{"line":168,"column":32},"end":{"line":180,"column":1}},"line":168}},"branchMap":{"0":{"loc":{"start":{"line":71,"column":4},"end":{"line":73,"column":5}},"type":"if","locations":[{"start":{"line":71,"column":4},"end":{"line":73,"column":5}},{"start":{},"end":{}}],"line":71},"1":{"loc":{"start":{"line":81,"column":4},"end":{"line":86,"column":5}},"type":"if","locations":[{"start":{"line":81,"column":4},"end":{"line":86,"column":5}},{"start":{},"end":{}}],"line":81},"2":{"loc":{"start":{"line":97,"column":24},"end":{"line":97,"column":53}},"type":"cond-expr","locations":[{"start":{"line":97,"column":31},"end":{"line":97,"column":47}},{"start":{"line":97,"column":50},"end":{"line":97,"column":53}}],"line":97},"3":{"loc":{"start":{"line":100,"column":4},"end":{"line":103,"column":5}},"type":"if","locations":[{"start":{"line":100,"column":4},"end":{"line":103,"column":5}},{"start":{},"end":{}}],"line":100},"4":{"loc":{"start":{"line":100,"column":8},"end":{"line":100,"column":50}},"type":"binary-expr","locations":[{"start":{"line":100,"column":8},"end":{"line":100,"column":27}},{"start":{"line":100,"column":31},"end":{"line":100,"column":50}}],"line":100},"5":{"loc":{"start":{"line":105,"column":4},"end":{"line":108,"column":5}},"type":"if","locations":[{"start":{"line":105,"column":4},"end":{"line":108,"column":5}},{"start":{},"end":{}}],"line":105},"6":{"loc":{"start":{"line":105,"column":8},"end":{"line":105,"column":54}},"type":"binary-expr","locations":[{"start":{"line":105,"column":8},"end":{"line":105,"column":27}},{"start":{"line":105,"column":31},"end":{"line":105,"column":54}}],"line":105},"7":{"loc":{"start":{"line":110,"column":4},"end":{"line":112,"column":5}},"type":"if","locations":[{"start":{"line":110,"column":4},"end":{"line":112,"column":5}},{"start":{},"end":{}}],"line":110},"8":{"loc":{"start":{"line":114,"column":4},"end":{"line":122,"column":5}},"type":"if","locations":[{"start":{"line":114,"column":4},"end":{"line":122,"column":5}},{"start":{},"end":{}}],"line":114},"9":{"loc":{"start":{"line":116,"column":6},"end":{"line":118,"column":7}},"type":"if","locations":[{"start":{"line":116,"column":6},"end":{"line":118,"column":7}},{"start":{},"end":{}}],"line":116},"10":{"loc":{"start":{"line":119,"column":6},"end":{"line":121,"column":7}},"type":"if","locations":[{"start":{"line":119,"column":6},"end":{"line":121,"column":7}},{"start":{},"end":{}}],"line":119},"11":{"loc":{"start":{"line":124,"column":4},"end":{"line":129,"column":5}},"type":"if","locations":[{"start":{"line":124,"column":4},"end":{"line":129,"column":5}},{"start":{"line":127,"column":11},"end":{"line":129,"column":5}}],"line":124},"12":{"loc":{"start":{"line":125,"column":20},"end":{"line":125,"column":37}},"type":"binary-expr","locations":[{"start":{"line":125,"column":20},"end":{"line":125,"column":31}},{"start":{"line":125,"column":35},"end":{"line":125,"column":37}}],"line":125},"13":{"loc":{"start":{"line":126,"column":22},"end":{"line":126,"column":33}},"type":"binary-expr","locations":[{"start":{"line":126,"column":22},"end":{"line":126,"column":27}},{"start":{"line":126,"column":31},"end":{"line":126,"column":33}}],"line":126},"14":{"loc":{"start":{"line":139,"column":2},"end":{"line":141,"column":3}},"type":"if","locations":[{"start":{"line":139,"column":2},"end":{"line":141,"column":3}},{"start":{},"end":{}}],"line":139},"15":{"loc":{"start":{"line":149,"column":2},"end":{"line":151,"column":3}},"type":"if","locations":[{"start":{"line":149,"column":2},"end":{"line":151,"column":3}},{"start":{},"end":{}}],"line":149},"16":{"loc":{"start":{"line":159,"column":2},"end":{"line":161,"column":3}},"type":"if","locations":[{"start":{"line":159,"column":2},"end":{"line":161,"column":3}},{"start":{},"end":{}}],"line":159},"17":{"loc":{"start":{"line":170,"column":2},"end":{"line":178,"column":3}},"type":"if","locations":[{"start":{"line":170,"column":2},"end":{"line":178,"column":3}},{"start":{},"end":{}}],"line":170}},"s":{"0":1,"1":1,"2":6,"3":6,"4":6,"5":14,"6":14,"7":13,"8":13,"9":12,"10":6,"11":6,"12":6,"13":6,"14":7,"15":6,"16":6,"17":1,"18":40,"19":128,"20":128,"21":127,"22":9,"23":9,"24":118,"25":14,"26":14,"27":104,"28":18,"29":86,"30":59,"31":59,"32":10,"33":59,"34":10,"35":86,"36":27,"37":27,"38":59,"39":59,"40":59,"41":2,"42":10,"43":0,"44":10,"45":2,"46":6,"47":6,"48":6,"49":6,"50":1},"f":{"0":6,"1":14,"2":40,"3":59,"4":10,"5":10,"6":6},"b":{"0":[6,6],"1":[6,1],"2":[67,61],"3":[9,118],"4":[127,78],"5":[14,104],"6":[118,32],"7":[18,86],"8":[59,27],"9":[10,49],"10":[10,49],"11":[27,59],"12":[27,0],"13":[27,0],"14":[2,57],"15":[0,10],"16":[2,8],"17":[6,0]},"_coverageSchema":"1a1c01bbd47fc00a2c39e90264f33305004495a9","hash":"e8607327c0f53674890afc0e25914c5396ef3125"}
,"C:\\Users\\johnb\\Documents\\TwitterFavorite\\src\\utils\\metrics.js": {"path":"C:\\Users\\johnb\\Documents\\TwitterFavorite\\src\\utils\\metrics.js","statementMap":{"0":{"start":{"line":1,"column":11},"end":{"line":1,"column":24}},"1":{"start":{"line":2,"column":15},"end":{"line":2,"column":35}},"2":{"start":{"line":9,"column":4},"end":{"line":9,"column":17}},"3":{"start":{"line":10,"column":4},"end":{"line":10,"column":32}},"4":{"start":{"line":11,"column":4},"end":{"line":11,"column":43}},"5":{"start":{"line":12,"column":4},"end":{"line":12,"column":40}},"6":{"start":{"line":19,"column":4},"end":{"line":19,"column":29}},"7":{"start":{"line":20,"column":4},"end":{"line":20,"column":29}},"8":{"start":{"line":21,"column":4},"end":{"line":21,"column":27}},"9":{"start":{"line":22,"column":4},"end":{"line":22,"column":23}},"10":{"start":{"line":23,"column":4},"end":{"line":23,"column":31}},"11":{"start":{"line":24,"column":4},"end":{"line":24,"column":27}},"12":{"start":{"line":25,"column":4},"end":{"line":25,"column":25}},"13":{"start":{"line":26,"column":4},"end":{"line":26,"column":30}},"14":{"start":{"line":27,"column":4},"end":{"line":27,"column":30}},"15":{"start":{"line":34,"column":4},"end":{"line":34,"column":27}},"16":{"start":{"line":41,"column":4},"end":{"line":41,"column":27}},"17":{"start":{"line":48,"column":4},"end":{"line":48,"column":25}},"18":{"start":{"line":55,"column":4},"end":{"line":55,"column":21}},"19":{"start":{"line":62,"column":4},"end":{"line":62,"column":29}},"20":{"start":{"line":69,"column":4},"end":{"line":69,"column":25}},"21":{"start":{"line":77,"column":4},"end":{"line":77,"column":31}},"22":{"start":{"line":78,"column":4},"end":{"line":80,"column":5}},"23":{"start":{"line":79,"column":6},"end":{"line":79,"column":30}},"24":{"start":{"line":88,"column":4},"end":{"line":88,"column":38}},"25":{"start":{"line":89,"column":4},"end":{"line":91,"column":5}},"26":{"start":{"line":90,"column":6},"end":{"line":90,"column":35}},"27":{"start":{"line":99,"column":16},"end":{"line":99,"column":26}},"28":{"start":{"line":100,"column":22},"end":{"line":100,"column":50}},"29":{"start":{"line":103,"column":4},"end":{"line":105,"column":5}},"30":{"start":{"line":104,"column":6},"end":{"line":104,"column":13}},"31":{"start":{"line":107,"column":28},"end":{"line":107,"column":63}},"32":{"start":{"line":108,"column":28},"end":{"line":111,"column":16}},"33":{"start":{"line":113,"column":24},"end":{"line":113,"column":45}},"34":{"start":{"line":114,"column":27},"end":{"line":132,"column":5}},"35":{"start":{"line":134,"column":4},"end":{"line":134,"column":46}},"36":{"start":{"line":135,"column":4},"end":{"line":137,"column":5}},"37":{"start":{"line":136,"column":6},"end":{"line":136,"column":35}},"38":{"start":{"line":139,"column":4},"end":{"line":139,"column":43}},"39":{"start":{"line":140,"column":4},"end":{"line":140,"column":33}},"40":{"start":{"line":143,"column":4},"end":{"line":143,"column":65}},"41":{"start":{"line":151,"column":4},"end":{"line":151,"column":34}},"42":{"start":{"line":153,"column":25},"end":{"line":155,"column":9}},"43":{"start":{"line":154,"column":41},"end":{"line":154,"column":46}},"44":{"start":{"line":157,"column":30},"end":{"line":159,"column":9}},"45":{"start":{"line":158,"column":46},"end":{"line":158,"column":51}},"46":{"start":{"line":161,"column":4},"end":{"line":181,"column":6}},"47":{"start":{"line":188,"column":20},"end":{"line":188,"column":37}},"48":{"start":{"line":189,"column":4},"end":{"line":189,"column":48}},"49":{"start":{"line":194,"column":0},"end":{"line":194,"column":31}}},"fnMap":{"0":{"name":"(anonymous_0)","decl":{"start":{"line":8,"column":2},"end":{"line":8,"column":3}},"loc":{"start":{"line":8,"column":16},"end":{"line":13,"column":3}},"line":8},"1":{"name":"(anonymous_1)","decl":{"start":{"line":18,"column":2},"end":{"line":18,"column":3}},"loc":{"start":{"line":18,"column":10},"end":{"line":28,"column":3}},"line":18},"2":{"name":"(anonymous_2)","decl":{"start":{"line":33,"column":2},"end":{"line":33,"column":3}},"loc":{"start":{"line":33,"column":29},"end":{"line":35,"column":3}},"line":33},"3":{"name":"(anonymous_3)","decl":{"start":{"line":40,"column":2},"end":{"line":40,"column":3}},"loc":{"start":{"line":40,"column":29},"end":{"line":42,"column":3}},"line":40},"4":{"name":"(anonymous_4)","decl":{"start":{"line":47,"column":2},"end":{"line":47,"column":3}},"loc":{"start":{"line":47,"column":27},"end":{"line":49,"column":3}},"line":47},"5":{"name":"(anonymous_5)","decl":{"start":{"line":54,"column":2},"end":{"line":54,"column":3}},"loc":{"start":{"line":54,"column":23},"end":{"line":56,"column":3}},"line":54},"6":{"name":"(anonymous_6)","decl":{"start":{"line":61,"column":2},"end":{"line":61,"column":3}},"loc":{"start":{"line":61,"column":31},"end":{"line":63,"column":3}},"line":61},"7":{"name":"(anonymous_7)","decl":{"start":{"line":68,"column":2},"end":{"line":68,"column":3}},"loc":{"start":{"line":68,"column":27},"end":{"line":70,"column":3}},"line":68},"8":{"name":"(anonymous_8)","decl":{"start":{"line":76,"column":2},"end":{"line":76,"column":3}},"loc":{"start":{"line":76,"column":24},"end":{"line":81,"column":3}},"line":76},"9":{"name":"(anonymous_9)","decl":{"start":{"line":87,"column":2},"end":{"line":87,"column":3}},"loc":{"start":{"line":87,"column":31},"end":{"line":92,"column":3}},"line":87},"10":{"name":"(anonymous_10)","decl":{"start":{"line":98,"column":2},"end":{"line":98,"column":3}},"loc":{"start":{"line":98,"column":27},"end":{"line":144,"column":3}},"line":98},"11":{"name":"(anonymous_11)","decl":{"start":{"line":150,"column":2},"end":{"line":150,"column":3}},"loc":{"start":{"line":150,"column":15},"end":{"line":182,"column":3}},"line":150},"12":{"name":"(anonymous_12)","decl":{"start":{"line":154,"column":31},"end":{"line":154,"column":32}},"loc":{"start":{"line":154,"column":41},"end":{"line":154,"column":46}},"line":154},"13":{"name":"(anonymous_13)","decl":{"start":{"line":158,"column":36},"end":{"line":158,"column":37}},"loc":{"start":{"line":158,"column":46},"end":{"line":158,"column":51}},"line":158},"14":{"name":"(anonymous_14)","decl":{"start":{"line":187,"column":2},"end":{"line":187,"column":3}},"loc":{"start":{"line":187,"column":15},"end":{"line":190,"column":3}},"line":187}},"branchMap":{"0":{"loc":{"start":{"line":78,"column":4},"end":{"line":80,"column":5}},"type":"if","locations":[{"start":{"line":78,"column":4},"end":{"line":80,"column":5}},{"start":{},"end":{}}],"line":78},"1":{"loc":{"start":{"line":89,"column":4},"end":{"line":91,"column":5}},"type":"if","locations":[{"start":{"line":89,"column":4},"end":{"line":91,"column":5}},{"start":{},"end":{}}],"line":89},"2":{"loc":{"start":{"line":103,"column":4},"end":{"line":105,"column":5}},"type":"if","locations":[{"start":{"line":103,"column":4},"end":{"line":105,"column":5}},{"start":{},"end":{}}],"line":103},"3":{"loc":{"start":{"line":135,"column":4},"end":{"line":137,"column":5}},"type":"if","locations":[{"start":{"line":135,"column":4},"end":{"line":137,"column":5}},{"start":{},"end":{}}],"line":135},"4":{"loc":{"start":{"line":153,"column":25},"end":{"line":155,"column":9}},"type":"cond-expr","locations":[{"start":{"line":154,"column":8},"end":{"line":154,"column":72}},{"start":{"line":155,"column":8},"end":{"line":155,"column":9}}],"line":153},"5":{"loc":{"start":{"line":157,"column":30},"end":{"line":159,"column":9}},"type":"cond-expr","locations":[{"start":{"line":158,"column":8},"end":{"line":158,"column":82}},{"start":{"line":159,"column":8},"end":{"line":159,"column":9}}],"line":157},"6":{"loc":{"start":{"line":178,"column":17},"end":{"line":180,"column":14}},"type":"cond-expr","locations":[{"start":{"line":179,"column":10},"end":{"line":179,"column":63}},{"start":{"line":180,"column":10},"end":{"line":180,"column":14}}],"line":178}},"s":{"0":2,"1":2,"2":2,"3":2,"4":2,"5":2,"6":12,"7":12,"8":12,"9":12,"10":12,"11":12,"12":12,"13":12,"14":12,"15":2,"16":1,"17":1,"18":1,"19":1,"20":2,"21":153,"22":153,"23":50,"24":3,"25":3,"26":0,"27":39,"28":39,"29":39,"30":7,"31":32,"32":32,"33":32,"34":32,"35":32,"36":32,"37":6,"38":32,"39":32,"40":32,"41":39,"42":39,"43":101,"44":39,"45":2,"46":39,"47":0,"48":0,"49":2},"f":{"0":2,"1":12,"2":2,"3":1,"4":1,"5":1,"6":1,"7":2,"8":153,"9":3,"10":39,"11":39,"12":101,"13":2,"14":0},"b":{"0":[50,103],"1":[0,3],"2":[7,32],"3":[6,26],"4":[2,37],"5":[1,38],"6":[32,7]},"_coverageSchema":"1a1c01bbd47fc00a2c39e90264f33305004495a9","hash":"9672c36afe8c084784cc93c22516a74d32a6ef57"}
,"C:\\Users\\johnb\\Documents\\TwitterFavorite\\src\\utils\\retryWithBackoff.js": {"path":"C:\\Users\\johnb\\Documents\\TwitterFavorite\\src\\utils\\retryWithBackoff.js","statementMap":{"0":{"start":{"line":1,"column":15},"end":{"line":1,"column":35}},"1":{"start":{"line":16,"column":22},"end":{"line":30,"column":1}},"2":{"start":{"line":22,"column":4},"end":{"line":28,"column":6}},"3":{"start":{"line":40,"column":22},"end":{"line":40,"column":53}},"4":{"start":{"line":43,"column":2},"end":{"line":66,"column":3}},"5":{"start":{"line":43,"column":21},"end":{"line":43,"column":22}},"6":{"start":{"line":44,"column":4},"end":{"line":65,"column":5}},"7":{"start":{"line":45,"column":6},"end":{"line":45,"column":24}},"8":{"start":{"line":47,"column":6},"end":{"line":47,"column":24}},"9":{"start":{"line":49,"column":6},"end":{"line":51,"column":7}},"10":{"start":{"line":50,"column":8},"end":{"line":50,"column":20}},"11":{"start":{"line":53,"column":20},"end":{"line":56,"column":7}},"12":{"start":{"line":58,"column":6},"end":{"line":62,"column":9}},"13":{"start":{"line":64,"column":6},"end":{"line":64,"column":63}},"14":{"start":{"line":64,"column":35},"end":{"line":64,"column":61}},"15":{"start":{"line":68,"column":2},"end":{"line":68,"column":18}},"16":{"start":{"line":79,"column":2},"end":{"line":79,"column":66}},"17":{"start":{"line":79,"column":22},"end":{"line":79,"column":65}},"18":{"start":{"line":79,"column":45},"end":{"line":79,"column":56}},"19":{"start":{"line":82,"column":0},"end":{"line":86,"column":2}}},"fnMap":{"0":{"name":"(anonymous_0)","decl":{"start":{"line":20,"column":15},"end":{"line":20,"column":16}},"loc":{"start":{"line":20,"column":26},"end":{"line":29,"column":3}},"line":20},"1":{"name":"retryWithBackoff","decl":{"start":{"line":39,"column":15},"end":{"line":39,"column":31}},"loc":{"start":{"line":39,"column":49},"end":{"line":69,"column":1}},"line":39},"2":{"name":"(anonymous_2)","decl":{"start":{"line":64,"column":24},"end":{"line":64,"column":25}},"loc":{"start":{"line":64,"column":35},"end":{"line":64,"column":61}},"line":64},"3":{"name":"makeRetryable","decl":{"start":{"line":78,"column":9},"end":{"line":78,"column":22}},"loc":{"start":{"line":78,"column":40},"end":{"line":80,"column":1}},"line":78},"4":{"name":"(anonymous_4)","decl":{"start":{"line":79,"column":9},"end":{"line":79,"column":10}},"loc":{"start":{"line":79,"column":22},"end":{"line":79,"column":65}},"line":79},"5":{"name":"(anonymous_5)","decl":{"start":{"line":79,"column":39},"end":{"line":79,"column":40}},"loc":{"start":{"line":79,"column":45},"end":{"line":79,"column":56}},"line":79}},"branchMap":{"0":{"loc":{"start":{"line":23,"column":6},"end":{"line":27,"column":30}},"type":"binary-expr","locations":[{"start":{"line":23,"column":6},"end":{"line":23,"column":33}},{"start":{"line":24,"column":6},"end":{"line":24,"column":32}},{"start":{"line":25,"column":6},"end":{"line":25,"column":23}},{"start":{"line":26,"column":6},"end":{"line":26,"column":30}},{"start":{"line":27,"column":6},"end":{"line":27,"column":30}}],"line":23},"1":{"loc":{"start":{"line":39,"column":36},"end":{"line":39,"column":47}},"type":"default-arg","locations":[{"start":{"line":39,"column":45},"end":{"line":39,"column":47}}],"line":39},"2":{"loc":{"start":{"line":49,"column":6},"end":{"line":51,"column":7}},"type":"if","locations":[{"start":{"line":49,"column":6},"end":{"line":51,"column":7}},{"start":{},"end":{}}],"line":49},"3":{"loc":{"start":{"line":49,"column":10},"end":{"line":49,"column":79}},"type":"binary-expr","locations":[{"start":{"line":49,"column":10},"end":{"line":49,"column":41}},{"start":{"line":49,"column":45},"end":{"line":49,"column":79}}],"line":49},"4":{"loc":{"start":{"line":78,"column":27},"end":{"line":78,"column":38}},"type":"default-arg","locations":[{"start":{"line":78,"column":36},"end":{"line":78,"column":38}}],"line":78}},"s":{"0":2,"1":2,"2":5,"3":7,"4":7,"5":7,"6":7,"7":7,"8":6,"9":6,"10":2,"11":4,"12":4,"13":4,"14":4,"15":0,"16":1,"17":1,"18":1,"19":2},"f":{"0":5,"1":7,"2":4,"3":1,"4":1,"5":1},"b":{"0":[5,3,3,1,1],"1":[2],"2":[2,4],"3":[6,4],"4":[1]},"_coverageSchema":"1a1c01bbd47fc00a2c39e90264f33305004495a9","hash":"7900dc22d74afe098d4f2e469f6e1ec4c073f69d"}
,"C:\\Users\\johnb\\Documents\\TwitterFavorite\\src\\utils\\twitterRateLimiter.js": {"path":"C:\\Users\\johnb\\Documents\\TwitterFavorite\\src\\utils\\twitterRateLimiter.js","statementMap":{"0":{"start":{"line":1,"column":15},"end":{"line":1,"column":35}},"1":{"start":{"line":5,"column":4},"end":{"line":5,"column":55}},"2":{"start":{"line":6,"column":4},"end":{"line":6,"column":50}},"3":{"start":{"line":7,"column":4},"end":{"line":7,"column":30}},"4":{"start":{"line":8,"column":4},"end":{"line":8,"column":32}},"5":{"start":{"line":9,"column":4},"end":{"line":9,"column":30}},"6":{"start":{"line":10,"column":4},"end":{"line":10,"column":28}},"7":{"start":{"line":11,"column":4},"end":{"line":11,"column":29}},"8":{"start":{"line":12,"column":4},"end":{"line":12,"column":30}},"9":{"start":{"line":16,"column":4},"end":{"line":16,"column":41}},"10":{"start":{"line":18,"column":21},"end":{"line":18,"column":54}},"11":{"start":{"line":19,"column":16},"end":{"line":19,"column":26}},"12":{"start":{"line":21,"column":4},"end":{"line":26,"column":5}},"13":{"start":{"line":22,"column":23},"end":{"line":22,"column":56}},"14":{"start":{"line":23,"column":6},"end":{"line":23,"column":71}},"15":{"start":{"line":24,"column":6},"end":{"line":24,"column":66}},"16":{"start":{"line":24,"column":35},"end":{"line":24,"column":64}},"17":{"start":{"line":25,"column":6},"end":{"line":25,"column":44}},"18":{"start":{"line":28,"column":4},"end":{"line":28,"column":23}},"19":{"start":{"line":29,"column":4},"end":{"line":29,"column":42}},"20":{"start":{"line":30,"column":4},"end":{"line":30,"column":17}},"21":{"start":{"line":34,"column":22},"end":{"line":34,"column":69}},"22":{"start":{"line":35,"column":22},"end":{"line":35,"column":72}},"23":{"start":{"line":36,"column":21},"end":{"line":36,"column":66}},"24":{"start":{"line":38,"column":4},"end":{"line":38,"column":45}},"25":{"start":{"line":41,"column":4},"end":{"line":55,"column":5}},"26":{"start":{"line":42,"column":29},"end":{"line":42,"column":57}},"27":{"start":{"line":44,"column":6},"end":{"line":54,"column":7}},"28":{"start":{"line":45,"column":8},"end":{"line":48,"column":10}},"29":{"start":{"line":49,"column":13},"end":{"line":54,"column":7}},"30":{"start":{"line":50,"column":8},"end":{"line":53,"column":10}},"31":{"start":{"line":57,"column":4},"end":{"line":57,"column":127}},"32":{"start":{"line":61,"column":22},"end":{"line":61,"column":51}},"33":{"start":{"line":62,"column":4},"end":{"line":67,"column":5}},"34":{"start":{"line":63,"column":18},"end":{"line":63,"column":28}},"35":{"start":{"line":64,"column":6},"end":{"line":66,"column":7}},"36":{"start":{"line":65,"column":8},"end":{"line":65,"column":57}},"37":{"start":{"line":68,"column":4},"end":{"line":68,"column":30}},"38":{"start":{"line":72,"column":16},"end":{"line":72,"column":26}},"39":{"start":{"line":73,"column":22},"end":{"line":73,"column":51}},"40":{"start":{"line":75,"column":4},"end":{"line":79,"column":5}},"41":{"start":{"line":76,"column":6},"end":{"line":76,"column":37}},"42":{"start":{"line":77,"column":6},"end":{"line":77,"column":39}},"43":{"start":{"line":78,"column":6},"end":{"line":78,"column":13}},"44":{"start":{"line":81,"column":21},"end":{"line":81,"column":48}},"45":{"start":{"line":82,"column":4},"end":{"line":89,"column":5}},"46":{"start":{"line":83,"column":28},"end":{"line":85,"column":7}},"47":{"start":{"line":84,"column":8},"end":{"line":84,"column":34}},"48":{"start":{"line":86,"column":6},"end":{"line":88,"column":7}},"49":{"start":{"line":87,"column":8},"end":{"line":87,"column":51}},"50":{"start":{"line":93,"column":19},"end":{"line":93,"column":21}},"51":{"start":{"line":94,"column":4},"end":{"line":100,"column":5}},"52":{"start":{"line":95,"column":6},"end":{"line":99,"column":8}},"53":{"start":{"line":101,"column":4},"end":{"line":101,"column":18}},"54":{"start":{"line":105,"column":4},"end":{"line":105,"column":26}},"55":{"start":{"line":106,"column":4},"end":{"line":106,"column":28}},"56":{"start":{"line":107,"column":4},"end":{"line":107,"column":30}},"57":{"start":{"line":111,"column":0},"end":{"line":111,"column":37}}},"fnMap":{"0":{"name":"(anonymous_0)","decl":{"start":{"line":4,"column":2},"end":{"line":4,"column":3}},"loc":{"start":{"line":4,"column":28},"end":{"line":13,"column":3}},"line":4},"1":{"name":"(anonymous_1)","decl":{"start":{"line":15,"column":2},"end":{"line":15,"column":3}},"loc":{"start":{"line":15,"column":46},"end":{"line":31,"column":3}},"line":15},"2":{"name":"(anonymous_2)","decl":{"start":{"line":24,"column":24},"end":{"line":24,"column":25}},"loc":{"start":{"line":24,"column":35},"end":{"line":24,"column":64}},"line":24},"3":{"name":"(anonymous_3)","decl":{"start":{"line":33,"column":2},"end":{"line":33,"column":3}},"loc":{"start":{"line":33,"column":24},"end":{"line":58,"column":3}},"line":33},"4":{"name":"(anonymous_4)","decl":{"start":{"line":60,"column":2},"end":{"line":60,"column":3}},"loc":{"start":{"line":60,"column":31},"end":{"line":69,"column":3}},"line":60},"5":{"name":"(anonymous_5)","decl":{"start":{"line":71,"column":2},"end":{"line":71,"column":3}},"loc":{"start":{"line":71,"column":34},"end":{"line":90,"column":3}},"line":71},"6":{"name":"(anonymous_6)","decl":{"start":{"line":83,"column":44},"end":{"line":83,"column":45}},"loc":{"start":{"line":84,"column":8},"end":{"line":84,"column":34}},"line":84},"7":{"name":"(anonymous_7)","decl":{"start":{"line":92,"column":2},"end":{"line":92,"column":3}},"loc":{"start":{"line":92,"column":14},"end":{"line":102,"column":3}},"line":92},"8":{"name":"(anonymous_8)","decl":{"start":{"line":104,"column":2},"end":{"line":104,"column":3}},"loc":{"start":{"line":104,"column":10},"end":{"line":108,"column":3}},"line":104}},"branchMap":{"0":{"loc":{"start":{"line":4,"column":14},"end":{"line":4,"column":26}},"type":"default-arg","locations":[{"start":{"line":4,"column":24},"end":{"line":4,"column":26}}],"line":4},"1":{"loc":{"start":{"line":5,"column":20},"end":{"line":5,"column":54}},"type":"binary-expr","locations":[{"start":{"line":5,"column":20},"end":{"line":5,"column":36}},{"start":{"line":5,"column":40},"end":{"line":5,"column":54}}],"line":5},"2":{"loc":{"start":{"line":6,"column":23},"end":{"line":6,"column":49}},"type":"binary-expr","locations":[{"start":{"line":6,"column":23},"end":{"line":6,"column":42}},{"start":{"line":6,"column":46},"end":{"line":6,"column":49}}],"line":6},"3":{"loc":{"start":{"line":15,"column":24},"end":{"line":15,"column":44}},"type":"default-arg","locations":[{"start":{"line":15,"column":35},"end":{"line":15,"column":44}}],"line":15},"4":{"loc":{"start":{"line":18,"column":21},"end":{"line":18,"column":54}},"type":"binary-expr","locations":[{"start":{"line":18,"column":21},"end":{"line":18,"column":48}},{"start":{"line":18,"column":52},"end":{"line":18,"column":54}}],"line":18},"5":{"loc":{"start":{"line":21,"column":4},"end":{"line":26,"column":5}},"type":"if","locations":[{"start":{"line":21,"column":4},"end":{"line":26,"column":5}},{"start":{},"end":{}}],"line":21},"6":{"loc":{"start":{"line":36,"column":21},"end":{"line":36,"column":66}},"type":"binary-expr","locations":[{"start":{"line":36,"column":21},"end":{"line":36,"column":53}},{"start":{"line":36,"column":57},"end":{"line":36,"column":66}}],"line":36},"7":{"loc":{"start":{"line":41,"column":4},"end":{"line":55,"column":5}},"type":"if","locations":[{"start":{"line":41,"column":4},"end":{"line":55,"column":5}},{"start":{},"end":{}}],"line":41},"8":{"loc":{"start":{"line":44,"column":6},"end":{"line":54,"column":7}},"type":"if","locations":[{"start":{"line":44,"column":6},"end":{"line":54,"column":7}},{"start":{"line":49,"column":13},"end":{"line":54,"column":7}}],"line":44},"9":{"loc":{"start":{"line":49,"column":13},"end":{"line":54,"column":7}},"type":"if","locations":[{"start":{"line":49,"column":13},"end":{"line":54,"column":7}},{"start":{},"end":{}}],"line":49},"10":{"loc":{"start":{"line":62,"column":4},"end":{"line":67,"column":5}},"type":"if","locations":[{"start":{"line":62,"column":4},"end":{"line":67,"column":5}},{"start":{},"end":{}}],"line":62},"11":{"loc":{"start":{"line":64,"column":6},"end":{"line":66,"column":7}},"type":"if","locations":[{"start":{"line":64,"column":6},"end":{"line":66,"column":7}},{"start":{},"end":{}}],"line":64},"12":{"loc":{"start":{"line":75,"column":4},"end":{"line":79,"column":5}},"type":"if","locations":[{"start":{"line":75,"column":4},"end":{"line":79,"column":5}},{"start":{},"end":{}}],"line":75},"13":{"loc":{"start":{"line":75,"column":8},"end":{"line":75,"column":37}},"type":"binary-expr","locations":[{"start":{"line":75,"column":8},"end":{"line":75,"column":17}},{"start":{"line":75,"column":21},"end":{"line":75,"column":37}}],"line":75},"14":{"loc":{"start":{"line":82,"column":4},"end":{"line":89,"column":5}},"type":"if","locations":[{"start":{"line":82,"column":4},"end":{"line":89,"column":5}},{"start":{},"end":{}}],"line":82},"15":{"loc":{"start":{"line":86,"column":6},"end":{"line":88,"column":7}},"type":"if","locations":[{"start":{"line":86,"column":6},"end":{"line":88,"column":7}},{"start":{},"end":{}}],"line":86}},"s":{"0":2,"1":8,"2":8,"3":8,"4":8,"5":8,"6":8,"7":8,"8":8,"9":2,"10":2,"11":2,"12":2,"13":1,"14":1,"15":1,"16":1,"17":0,"18":1,"19":1,"20":1,"21":3,"22":3,"23":3,"24":3,"25":3,"26":3,"27":3,"28":2,"29":1,"30":1,"31":3,"32":1,"33":1,"34":1,"35":1,"36":1,"37":0,"38":2,"39":2,"40":2,"41":1,"42":1,"43":1,"44":1,"45":1,"46":1,"47":100,"48":1,"49":0,"50":1,"51":1,"52":2,"53":1,"54":1,"55":1,"56":1,"57":2},"f":{"0":8,"1":2,"2":1,"3":3,"4":1,"5":2,"6":100,"7":1,"8":1},"b":{"0":[0],"1":[8,0],"2":[8,0],"3":[2],"4":[2,1],"5":[1,1],"6":[3,0],"7":[3,0],"8":[2,1],"9":[1,0],"10":[1,0],"11":[1,0],"12":[1,1],"13":[2,2],"14":[1,0],"15":[0,1]},"_coverageSchema":"1a1c01bbd47fc00a2c39e90264f33305004495a9","hash":"b73e400d7130fdbfc8c88d79bbece2d058340cd0"}
}
