TN:
SF:src\logger.js
FNF:0
FNH:0
DA:1,7
DA:3,7
DA:15,7
DA:16,7
DA:21,7
LF:5
LH:5
BRDA:15,0,0,7
BRDA:15,0,1,0
BRF:2
BRH:1
end_of_record
TN:
SF:src\helpers\isReply.js
FN:1,(anonymous_0)
FNF:1
FNH:0
FNDA:0,(anonymous_0)
DA:1,1
DA:2,0
DA:4,0
DA:14,0
DA:17,1
LF:5
LH:2
BRDA:4,0,0,0
BRDA:4,0,1,0
BRDA:5,1,0,0
BRDA:5,1,1,0
BRDA:5,1,2,0
BRDA:5,1,3,0
BRDA:5,1,4,0
BRDA:5,1,5,0
BRDA:5,1,6,0
BRDA:5,1,7,0
BRF:10
BRH:0
end_of_record
TN:
SF:src\services\DataPersistenceService.js
FN:10,(anonymous_0)
FN:27,(anonymous_1)
FN:41,(anonymous_2)
FN:61,(anonymous_3)
FN:82,(anonymous_4)
FN:88,(anonymous_5)
FN:111,(anonymous_6)
FN:114,(anonymous_7)
FN:126,(anonymous_8)
FN:138,(anonymous_9)
FN:141,(anonymous_10)
FN:153,(anonymous_11)
FNF:12
FNH:10
FNDA:10,(anonymous_0)
FNDA:10,(anonymous_1)
FNDA:9,(anonymous_2)
FNDA:3,(anonymous_3)
FNDA:12,(anonymous_4)
FNDA:12,(anonymous_5)
FNDA:2,(anonymous_6)
FNDA:2,(anonymous_7)
FNDA:0,(anonymous_8)
FNDA:1,(anonymous_9)
FNDA:1,(anonymous_10)
FNDA:0,(anonymous_11)
DA:1,1
DA:2,1
DA:3,1
DA:4,1
DA:11,10
DA:20,10
DA:28,10
DA:29,10
DA:30,10
DA:32,0
DA:33,0
DA:42,9
DA:43,9
DA:44,9
DA:45,9
DA:47,9
DA:48,9
DA:50,9
DA:52,0
DA:53,0
DA:62,3
DA:63,3
DA:64,3
DA:65,3
DA:67,3
DA:68,3
DA:70,3
DA:72,0
DA:73,0
DA:83,12
DA:84,12
DA:85,12
DA:88,12
DA:93,12
DA:94,0
DA:95,0
DA:96,0
DA:97,0
DA:98,0
DA:102,0
DA:103,0
DA:112,2
DA:113,2
DA:114,2
DA:116,2
DA:117,2
DA:118,2
DA:119,2
DA:120,2
DA:126,1
DA:128,1
DA:129,1
DA:130,1
DA:139,1
DA:140,1
DA:141,1
DA:143,1
DA:144,1
DA:145,1
DA:146,1
DA:147,1
DA:153,1
DA:155,0
DA:156,0
DA:157,0
DA:162,1
LF:66
LH:50
BRDA:10,0,0,0
BRDA:84,1,0,9
BRDA:84,1,1,3
BRDA:93,2,0,0
BRDA:93,2,1,12
BRF:5
BRH:3
end_of_record
TN:
SF:src\services\ErrorReportingService.js
FN:8,(anonymous_0)
FN:23,(anonymous_1)
FN:63,(anonymous_2)
FN:86,(anonymous_3)
FN:95,(anonymous_4)
FN:105,(anonymous_5)
FN:112,(anonymous_6)
FN:122,(anonymous_7)
FN:123,(anonymous_8)
FN:135,(anonymous_9)
FN:136,(anonymous_10)
FNF:11
FNH:10
FNDA:3,(anonymous_0)
FNDA:21,(anonymous_1)
FNDA:7,(anonymous_2)
FNDA:2,(anonymous_3)
FNDA:8,(anonymous_4)
FNDA:22,(anonymous_5)
FNDA:0,(anonymous_6)
FNDA:1,(anonymous_7)
FNDA:1,(anonymous_8)
FNDA:2,(anonymous_9)
FNDA:2,(anonymous_10)
DA:1,3
DA:2,3
DA:9,3
DA:10,3
DA:24,21
DA:25,21
DA:32,21
DA:33,21
DA:34,21
DA:40,21
DA:41,1
DA:44,21
DA:47,21
DA:64,7
DA:71,7
DA:72,7
DA:73,7
DA:75,7
DA:77,7
DA:86,7
DA:87,7
DA:89,7
DA:96,8
DA:106,22
DA:113,0
DA:114,0
DA:123,1
DA:124,1
DA:136,2
DA:137,2
DA:138,2
DA:140,1
DA:141,1
DA:148,3
LF:34
LH:32
BRDA:23,0,0,6
BRDA:25,1,0,21
BRDA:25,1,1,8
BRDA:40,2,0,1
BRDA:40,2,1,20
BRDA:75,3,0,7
BRDA:75,3,1,6
BRF:7
BRH:7
end_of_record
TN:
SF:src\services\TwitterService.js
FN:31,(anonymous_0)
FN:38,(anonymous_1)
FN:48,(anonymous_2)
FN:71,(anonymous_3)
FN:72,(anonymous_4)
FN:77,(anonymous_5)
FN:99,(anonymous_6)
FN:103,(anonymous_7)
FN:104,(anonymous_8)
FN:108,(anonymous_9)
FN:112,(anonymous_10)
FN:115,(anonymous_11)
FN:126,(anonymous_12)
FN:172,(anonymous_13)
FN:183,(anonymous_14)
FN:204,(anonymous_15)
FN:210,(anonymous_16)
FN:219,(anonymous_17)
FN:230,(anonymous_18)
FN:231,(anonymous_19)
FN:287,(anonymous_20)
FNF:21
FNH:1
FNDA:14,(anonymous_0)
FNDA:0,(anonymous_1)
FNDA:0,(anonymous_2)
FNDA:0,(anonymous_3)
FNDA:0,(anonymous_4)
FNDA:0,(anonymous_5)
FNDA:0,(anonymous_6)
FNDA:0,(anonymous_7)
FNDA:0,(anonymous_8)
FNDA:0,(anonymous_9)
FNDA:0,(anonymous_10)
FNDA:0,(anonymous_11)
FNDA:0,(anonymous_12)
FNDA:0,(anonymous_13)
FNDA:0,(anonymous_14)
FNDA:0,(anonymous_15)
FNDA:0,(anonymous_16)
FNDA:0,(anonymous_17)
FNDA:0,(anonymous_18)
FNDA:0,(anonymous_19)
FNDA:0,(anonymous_20)
DA:12,1
DA:13,1
DA:14,1
DA:15,1
DA:16,1
DA:17,1
DA:18,1
DA:19,1
DA:20,1
DA:32,14
DA:33,14
DA:34,14
DA:35,14
DA:38,14
DA:39,0
DA:40,0
DA:44,0
DA:50,0
DA:52,0
DA:61,0
DA:62,0
DA:72,0
DA:73,0
DA:74,0
DA:75,0
DA:76,0
DA:77,0
DA:80,0
DA:81,0
DA:82,0
DA:83,0
DA:85,0
DA:89,0
DA:100,0
DA:101,0
DA:103,0
DA:104,0
DA:105,0
DA:106,0
DA:108,0
DA:109,0
DA:110,0
DA:112,0
DA:113,0
DA:115,0
DA:116,0
DA:127,0
DA:129,0
DA:130,0
DA:131,0
DA:132,0
DA:135,0
DA:136,0
DA:137,0
DA:140,0
DA:141,0
DA:142,0
DA:148,0
DA:153,0
DA:155,0
DA:158,0
DA:162,0
DA:173,0
DA:184,0
DA:185,0
DA:188,0
DA:205,0
DA:206,0
DA:207,0
DA:210,0
DA:220,0
DA:221,0
DA:231,0
DA:232,0
DA:233,0
DA:234,0
DA:235,0
DA:236,0
DA:239,0
DA:240,0
DA:241,0
DA:246,0
DA:247,0
DA:250,0
DA:251,0
DA:254,0
DA:255,0
DA:259,0
DA:264,0
DA:265,0
DA:266,0
DA:268,0
DA:269,0
DA:271,0
DA:272,0
DA:273,0
DA:275,0
DA:279,0
DA:288,0
DA:292,1
LF:100
LH:15
BRDA:50,0,0,0
BRDA:50,0,1,0
BRDA:53,1,0,0
BRDA:53,1,1,0
BRDA:53,1,2,0
BRDA:74,2,0,0
BRDA:74,2,1,0
BRDA:129,3,0,0
BRDA:129,3,1,0
BRDA:135,4,0,0
BRDA:135,4,1,0
BRDA:141,5,0,0
BRDA:141,5,1,0
BRDA:173,6,0,0
BRDA:173,6,1,0
BRDA:184,7,0,0
BRDA:184,7,1,0
BRDA:189,8,0,0
BRDA:189,8,1,0
BRDA:189,8,2,0
BRDA:189,8,3,0
BRDA:189,8,4,0
BRDA:189,8,5,0
BRDA:206,9,0,0
BRDA:206,9,1,0
BRDA:206,10,0,0
BRDA:206,10,1,0
BRDA:234,11,0,0
BRDA:234,11,1,0
BRDA:234,12,0,0
BRDA:234,12,1,0
BRDA:239,13,0,0
BRDA:239,13,1,0
BRDA:254,14,0,0
BRDA:254,14,1,0
BRDA:254,15,0,0
BRDA:254,15,1,0
BRDA:268,16,0,0
BRDA:268,16,1,0
BRF:39
BRH:0
end_of_record
TN:
SF:src\utils\cache.js
FN:9,(anonymous_0)
FN:19,(anonymous_1)
FN:36,(anonymous_2)
FN:47,(anonymous_3)
FN:55,(anonymous_4)
FN:68,(anonymous_5)
FN:75,(anonymous_6)
FNF:7
FNH:7
FNDA:3,(anonymous_0)
FNDA:11,(anonymous_1)
FNDA:1,(anonymous_2)
FNDA:4,(anonymous_3)
FNDA:1,(anonymous_4)
FNDA:5,(anonymous_5)
FNDA:7,(anonymous_6)
DA:10,3
DA:11,3
DA:20,11
DA:22,1
DA:23,1
DA:25,11
DA:37,1
DA:38,1
DA:39,1
DA:48,4
DA:56,1
DA:57,1
DA:58,2
DA:59,2
DA:69,5
DA:76,7
DA:81,2
LF:17
LH:17
BRDA:9,0,0,2
BRDA:20,1,0,1
BRDA:20,1,1,10
BRDA:38,2,0,0
BRDA:38,2,1,1
BRDA:58,3,0,2
BRDA:58,3,1,0
BRF:7
BRH:5
end_of_record
TN:
SF:src\utils\configValidator.js
FN:50,(anonymous_0)
FN:63,validateConfig
FN:95,validateSection
FN:137,validateType
FN:148,validateMinValue
FN:158,validateMaxValue
FN:168,sanitizeConfig
FNF:7
FNH:7
FNDA:6,(anonymous_0)
FNDA:14,validateConfig
FNDA:40,validateSection
FNDA:59,validateType
FNDA:10,validateMinValue
FNDA:10,validateMaxValue
FNDA:6,sanitizeConfig
DA:6,1
DA:11,1
DA:51,6
DA:52,6
DA:53,6
DA:64,14
DA:65,14
DA:67,13
DA:69,13
DA:71,12
DA:72,6
DA:76,6
DA:77,6
DA:79,6
DA:81,7
DA:82,6
DA:85,6
DA:87,1
DA:96,40
DA:97,128
DA:98,128
DA:100,127
DA:101,9
DA:102,9
DA:105,118
DA:106,14
DA:107,14
DA:110,104
DA:111,18
DA:114,86
DA:115,59
DA:116,59
DA:117,10
DA:119,59
DA:120,10
DA:124,86
DA:125,27
DA:126,27
DA:128,59
DA:138,59
DA:139,59
DA:140,2
DA:149,10
DA:150,0
DA:159,10
DA:160,2
DA:169,6
DA:170,6
DA:171,6
DA:179,6
DA:182,1
LF:51
LH:50
BRDA:71,0,0,6
BRDA:71,0,1,6
BRDA:81,1,0,6
BRDA:81,1,1,1
BRDA:97,2,0,67
BRDA:97,2,1,61
BRDA:100,3,0,9
BRDA:100,3,1,118
BRDA:100,4,0,127
BRDA:100,4,1,78
BRDA:105,5,0,14
BRDA:105,5,1,104
BRDA:105,6,0,118
BRDA:105,6,1,32
BRDA:110,7,0,18
BRDA:110,7,1,86
BRDA:114,8,0,59
BRDA:114,8,1,27
BRDA:116,9,0,10
BRDA:116,9,1,49
BRDA:119,10,0,10
BRDA:119,10,1,49
BRDA:124,11,0,27
BRDA:124,11,1,59
BRDA:125,12,0,27
BRDA:125,12,1,0
BRDA:126,13,0,27
BRDA:126,13,1,0
BRDA:139,14,0,2
BRDA:139,14,1,57
BRDA:149,15,0,0
BRDA:149,15,1,10
BRDA:159,16,0,2
BRDA:159,16,1,8
BRDA:170,17,0,6
BRDA:170,17,1,0
BRF:36
BRH:32
end_of_record
TN:
SF:src\utils\metrics.js
FN:8,(anonymous_0)
FN:18,(anonymous_1)
FN:33,(anonymous_2)
FN:40,(anonymous_3)
FN:47,(anonymous_4)
FN:54,(anonymous_5)
FN:61,(anonymous_6)
FN:68,(anonymous_7)
FN:76,(anonymous_8)
FN:87,(anonymous_9)
FN:98,(anonymous_10)
FN:150,(anonymous_11)
FN:154,(anonymous_12)
FN:158,(anonymous_13)
FN:187,(anonymous_14)
FNF:15
FNH:14
FNDA:2,(anonymous_0)
FNDA:12,(anonymous_1)
FNDA:2,(anonymous_2)
FNDA:1,(anonymous_3)
FNDA:1,(anonymous_4)
FNDA:1,(anonymous_5)
FNDA:1,(anonymous_6)
FNDA:2,(anonymous_7)
FNDA:153,(anonymous_8)
FNDA:3,(anonymous_9)
FNDA:39,(anonymous_10)
FNDA:39,(anonymous_11)
FNDA:101,(anonymous_12)
FNDA:2,(anonymous_13)
FNDA:0,(anonymous_14)
DA:1,2
DA:2,2
DA:9,2
DA:10,2
DA:11,2
DA:12,2
DA:19,12
DA:20,12
DA:21,12
DA:22,12
DA:23,12
DA:24,12
DA:25,12
DA:26,12
DA:27,12
DA:34,2
DA:41,1
DA:48,1
DA:55,1
DA:62,1
DA:69,2
DA:77,153
DA:78,153
DA:79,50
DA:88,3
DA:89,3
DA:90,0
DA:99,39
DA:100,39
DA:103,39
DA:104,7
DA:107,32
DA:108,32
DA:113,32
DA:114,32
DA:134,32
DA:135,32
DA:136,6
DA:139,32
DA:140,32
DA:143,32
DA:151,39
DA:153,39
DA:154,101
DA:157,39
DA:158,2
DA:161,39
DA:188,0
DA:189,0
DA:194,2
LF:50
LH:47
BRDA:78,0,0,50
BRDA:78,0,1,103
BRDA:89,1,0,0
BRDA:89,1,1,3
BRDA:103,2,0,7
BRDA:103,2,1,32
BRDA:135,3,0,6
BRDA:135,3,1,26
BRDA:153,4,0,2
BRDA:153,4,1,37
BRDA:157,5,0,1
BRDA:157,5,1,38
BRDA:178,6,0,32
BRDA:178,6,1,7
BRF:14
BRH:13
end_of_record
TN:
SF:src\utils\retryWithBackoff.js
FN:20,(anonymous_0)
FN:39,retryWithBackoff
FN:64,(anonymous_2)
FN:78,makeRetryable
FN:79,(anonymous_4)
FN:79,(anonymous_5)
FNF:6
FNH:6
FNDA:5,(anonymous_0)
FNDA:7,retryWithBackoff
FNDA:4,(anonymous_2)
FNDA:1,makeRetryable
FNDA:1,(anonymous_4)
FNDA:1,(anonymous_5)
DA:1,2
DA:16,2
DA:22,5
DA:40,7
DA:43,7
DA:44,7
DA:45,7
DA:47,6
DA:49,6
DA:50,2
DA:53,4
DA:58,4
DA:64,4
DA:68,0
DA:79,1
DA:82,2
LF:16
LH:15
BRDA:23,0,0,5
BRDA:23,0,1,3
BRDA:23,0,2,3
BRDA:23,0,3,1
BRDA:23,0,4,1
BRDA:39,1,0,2
BRDA:49,2,0,2
BRDA:49,2,1,4
BRDA:49,3,0,6
BRDA:49,3,1,4
BRDA:78,4,0,1
BRF:11
BRH:11
end_of_record
TN:
SF:src\utils\twitterRateLimiter.js
FN:4,(anonymous_0)
FN:15,(anonymous_1)
FN:24,(anonymous_2)
FN:33,(anonymous_3)
FN:60,(anonymous_4)
FN:71,(anonymous_5)
FN:83,(anonymous_6)
FN:92,(anonymous_7)
FN:104,(anonymous_8)
FNF:9
FNH:9
FNDA:8,(anonymous_0)
FNDA:2,(anonymous_1)
FNDA:1,(anonymous_2)
FNDA:3,(anonymous_3)
FNDA:1,(anonymous_4)
FNDA:2,(anonymous_5)
FNDA:100,(anonymous_6)
FNDA:1,(anonymous_7)
FNDA:1,(anonymous_8)
DA:1,2
DA:5,8
DA:6,8
DA:7,8
DA:8,8
DA:9,8
DA:10,8
DA:11,8
DA:12,8
DA:16,2
DA:18,2
DA:19,2
DA:21,2
DA:22,1
DA:23,1
DA:24,1
DA:25,0
DA:28,1
DA:29,1
DA:30,1
DA:34,3
DA:35,3
DA:36,3
DA:38,3
DA:41,3
DA:42,3
DA:44,3
DA:45,2
DA:49,1
DA:50,1
DA:57,3
DA:61,1
DA:62,1
DA:63,1
DA:64,1
DA:65,1
DA:68,0
DA:72,2
DA:73,2
DA:75,2
DA:76,1
DA:77,1
DA:78,1
DA:81,1
DA:82,1
DA:83,1
DA:84,100
DA:86,1
DA:87,0
DA:93,1
DA:94,1
DA:95,2
DA:101,1
DA:105,1
DA:106,1
DA:107,1
DA:111,2
LF:57
LH:54
BRDA:4,0,0,0
BRDA:5,1,0,8
BRDA:5,1,1,0
BRDA:6,2,0,8
BRDA:6,2,1,0
BRDA:15,3,0,2
BRDA:18,4,0,2
BRDA:18,4,1,1
BRDA:21,5,0,1
BRDA:21,5,1,1
BRDA:36,6,0,3
BRDA:36,6,1,0
BRDA:41,7,0,3
BRDA:41,7,1,0
BRDA:44,8,0,2
BRDA:44,8,1,1
BRDA:49,9,0,1
BRDA:49,9,1,0
BRDA:62,10,0,1
BRDA:62,10,1,0
BRDA:64,11,0,1
BRDA:64,11,1,0
BRDA:75,12,0,1
BRDA:75,12,1,1
BRDA:75,13,0,2
BRDA:75,13,1,2
BRDA:82,14,0,1
BRDA:82,14,1,0
BRDA:86,15,0,0
BRDA:86,15,1,1
BRF:30
BRH:20
end_of_record
